<?xml version="1.0" encoding="UTF-8"?>
<testsuites name="Mocha Tests" time="22.557" tests="273" failures="211">
  <testsuite name="Root Suite" timestamp="2025-02-19T20:38:28" tests="0" time="0.000" failures="0">
  </testsuite>
  <testsuite name="Availability - Teacher view" timestamp="2025-02-19T20:38:28" tests="0" file="C:\Users\43676\Desktop\5BHIF\SYP\GIT\tests\availability\availability.js" time="0.000" failures="0">
  </testsuite>
  <testsuite name="/GET - Teacher view" timestamp="2025-02-19T20:38:28" tests="1" file="C:\Users\43676\Desktop\5BHIF\SYP\GIT\tests\availability\availability.js" time="0.049" failures="1">
    <testcase name="Availability - Teacher view &quot;before each&quot; hook for &quot;it should get all teams with their members&quot;" time="0.047" classname="&quot;before each&quot; hook for &quot;it should get all teams with their members&quot;">
      <failure message="expected 201 &quot;Created&quot;, got 401 &quot;Unauthorized&quot;" type="Error"><![CDATA[Error: expected 201 "Created", got 401 "Unauthorized"
    at addStation (file:///C:/Users/43676/Desktop/5BHIF/SYP/GIT/tests/availability/common.js:97:10)
    at initializeAvailability (file:///C:/Users/43676/Desktop/5BHIF/SYP/GIT/tests/availability/common.js:142:34)
    at Context.<anonymous> (file:///C:/Users/43676/Desktop/5BHIF/SYP/GIT/tests/availability/availability.js:10:15)
    at process.processTicksAndRejections (node:internal/process/task_queues:105:5)
----
    at Test._assertStatus (node_modules\supertest\lib\test.js:252:14)
    at C:\Users\43676\Desktop\5BHIF\SYP\GIT\node_modules\supertest\lib\test.js:308:13
    at Test._assertFunction (node_modules\supertest\lib\test.js:285:13)
    at Test.assert (node_modules\supertest\lib\test.js:164:23)
    at localAssert (node_modules\supertest\lib\test.js:120:14)
    at C:\Users\43676\Desktop\5BHIF\SYP\GIT\node_modules\supertest\lib\test.js:125:7
    at Request.callback (node_modules\superagent\lib\node\index.js:867:3)
    at IncomingMessage.<anonymous> (node_modules\superagent\lib\node\index.js:1070:18)
    at IncomingMessage.emit (node:events:531:35)
    at endReadableNT (node:internal/streams/readable:1698:12)
    at process.processTicksAndRejections (node:internal/process/task_queues:90:21)]]></failure>
    </testcase>
  </testsuite>
  <testsuite name="Generic - Tests" timestamp="2025-02-19T20:38:28" tests="1" file="C:\Users\43676\Desktop\5BHIF\SYP\GIT\tests\generic.js" time="0.013" failures="1">
    <testcase name="Generic - Tests GET /api/audit-log" time="0.006" classname="GET /api/audit-log">
      <failure message="expected 200 &quot;OK&quot;, got 401 &quot;Unauthorized&quot;" type="Error"><![CDATA[Error: expected 200 "OK", got 401 "Unauthorized"
    at Context.<anonymous> (file:///C:/Users/43676/Desktop/5BHIF/SYP/GIT/tests/generic.js:16:14)
    at process.processTicksAndRejections (node:internal/process/task_queues:105:5)
----
    at Test._assertStatus (node_modules\supertest\lib\test.js:252:14)
    at C:\Users\43676\Desktop\5BHIF\SYP\GIT\node_modules\supertest\lib\test.js:308:13
    at Test._assertFunction (node_modules\supertest\lib\test.js:285:13)
    at Test.assert (node_modules\supertest\lib\test.js:164:23)
    at localAssert (node_modules\supertest\lib\test.js:120:14)
    at C:\Users\43676\Desktop\5BHIF\SYP\GIT\node_modules\supertest\lib\test.js:125:7
    at Request.callback (node_modules\superagent\lib\node\index.js:867:3)
    at IncomingMessage.<anonymous> (node_modules\superagent\lib\node\index.js:1070:18)
    at IncomingMessage.emit (node:events:531:35)
    at endReadableNT (node:internal/streams/readable:1698:12)
    at process.processTicksAndRejections (node:internal/process/task_queues:90:21)]]></failure>
    </testcase>
  </testsuite>
  <testsuite name="Guide-Teams - DELETE" timestamp="2025-02-19T20:38:28" tests="0" file="C:\Users\43676\Desktop\5BHIF\SYP\GIT\tests\guide-teams\teams-delete.js" time="0.000" failures="0">
  </testsuite>
  <testsuite name="/DELETE guide-teams - happy flow" timestamp="2025-02-19T20:38:28" tests="1" file="C:\Users\43676\Desktop\5BHIF\SYP\GIT\tests\guide-teams\teams-delete.js" time="0.112" failures="1">
    <testcase name="Guide-Teams - DELETE /DELETE guide-teams - happy flow it should delete a single guide-team" time="0.003" classname="it should delete a single guide-team">
      <failure message="expected 201 &quot;Created&quot;, got 401 &quot;Unauthorized&quot;" type="Error"><![CDATA[Error: expected 201 "Created", got 401 "Unauthorized"
    at Context.<anonymous> (file:///C:/Users/43676/Desktop/5BHIF/SYP/GIT/tests/guide-teams/teams-delete.js:17:18)
    at process.processImmediate (node:internal/timers:491:21)
----
    at Test._assertStatus (node_modules\supertest\lib\test.js:252:14)
    at C:\Users\43676\Desktop\5BHIF\SYP\GIT\node_modules\supertest\lib\test.js:308:13
    at Test._assertFunction (node_modules\supertest\lib\test.js:285:13)
    at Test.assert (node_modules\supertest\lib\test.js:164:23)
    at localAssert (node_modules\supertest\lib\test.js:120:14)
    at C:\Users\43676\Desktop\5BHIF\SYP\GIT\node_modules\supertest\lib\test.js:125:7
    at Request.callback (node_modules\superagent\lib\node\index.js:867:3)
    at IncomingMessage.<anonymous> (node_modules\superagent\lib\node\index.js:1070:18)
    at IncomingMessage.emit (node:events:531:35)
    at endReadableNT (node:internal/streams/readable:1698:12)
    at process.processTicksAndRejections (node:internal/process/task_queues:90:21)]]></failure>
    </testcase>
  </testsuite>
  <testsuite name="/DELETE guide-teams - sad flow :(" timestamp="2025-02-19T20:38:29" tests="2" file="C:\Users\43676\Desktop\5BHIF\SYP\GIT\tests\guide-teams\teams-delete.js" time="0.020" failures="2">
    <testcase name="Guide-Teams - DELETE /DELETE guide-teams - sad flow :( it should not delete a team with an invalid id" time="0.003" classname="it should not delete a team with an invalid id">
      <failure message="expected 400 &quot;Bad Request&quot;, got 401 &quot;Unauthorized&quot;" type="Error"><![CDATA[Error: expected 400 "Bad Request", got 401 "Unauthorized"
    at Context.<anonymous> (file:///C:/Users/43676/Desktop/5BHIF/SYP/GIT/tests/guide-teams/teams-delete.js:48:18)
    at process.processImmediate (node:internal/timers:491:21)
----
    at Test._assertStatus (node_modules\supertest\lib\test.js:252:14)
    at C:\Users\43676\Desktop\5BHIF\SYP\GIT\node_modules\supertest\lib\test.js:308:13
    at Test._assertFunction (node_modules\supertest\lib\test.js:285:13)
    at Test.assert (node_modules\supertest\lib\test.js:164:23)
    at localAssert (node_modules\supertest\lib\test.js:120:14)
    at C:\Users\43676\Desktop\5BHIF\SYP\GIT\node_modules\supertest\lib\test.js:125:7
    at Request.callback (node_modules\superagent\lib\node\index.js:867:3)
    at IncomingMessage.<anonymous> (node_modules\superagent\lib\node\index.js:1070:18)
    at IncomingMessage.emit (node:events:531:35)
    at endReadableNT (node:internal/streams/readable:1698:12)
    at process.processTicksAndRejections (node:internal/process/task_queues:90:21)]]></failure>
    </testcase>
    <testcase name="Guide-Teams - DELETE /DELETE guide-teams - sad flow :( it should not delete a non-existing team" time="0.002" classname="it should not delete a non-existing team">
      <failure message="expected 404 &quot;Not Found&quot;, got 401 &quot;Unauthorized&quot;" type="Error"><![CDATA[Error: expected 404 "Not Found", got 401 "Unauthorized"
    at Context.<anonymous> (file:///C:/Users/43676/Desktop/5BHIF/SYP/GIT/tests/guide-teams/teams-delete.js:56:18)
    at process.processImmediate (node:internal/timers:491:21)
----
    at Test._assertStatus (node_modules\supertest\lib\test.js:252:14)
    at C:\Users\43676\Desktop\5BHIF\SYP\GIT\node_modules\supertest\lib\test.js:308:13
    at Test._assertFunction (node_modules\supertest\lib\test.js:285:13)
    at Test.assert (node_modules\supertest\lib\test.js:164:23)
    at localAssert (node_modules\supertest\lib\test.js:120:14)
    at C:\Users\43676\Desktop\5BHIF\SYP\GIT\node_modules\supertest\lib\test.js:125:7
    at Request.callback (node_modules\superagent\lib\node\index.js:867:3)
    at IncomingMessage.<anonymous> (node_modules\superagent\lib\node\index.js:1070:18)
    at IncomingMessage.emit (node:events:531:35)
    at endReadableNT (node:internal/streams/readable:1698:12)
    at process.processTicksAndRejections (node:internal/process/task_queues:90:21)]]></failure>
    </testcase>
  </testsuite>
  <testsuite name="Guide-Teams - GET" timestamp="2025-02-19T20:38:29" tests="2" file="C:\Users\43676\Desktop\5BHIF\SYP\GIT\tests\guide-teams\teams-get.js" time="0.000" failures="0">
    <testcase name="Guide-Teams - GET GET /guide-teams - invalid query" time="0.006" classname="GET /guide-teams - invalid query">
    </testcase>
    <testcase name="Guide-Teams - GET GET /guide-teams/:id/members - invalid id" time="0.002" classname="GET /guide-teams/:id/members - invalid id">
    </testcase>
  </testsuite>
  <testsuite name="/GET guide-teams" timestamp="2025-02-19T20:38:29" tests="3" file="C:\Users\43676\Desktop\5BHIF\SYP\GIT\tests\guide-teams\teams-get.js" time="0.030" failures="2">
    <testcase name="Guide-Teams - GET /GET guide-teams it should initially return an empty list" time="0.006" classname="it should initially return an empty list">
    </testcase>
    <testcase name="Guide-Teams - GET /GET guide-teams it should return a list with a single team" time="0.003" classname="it should return a list with a single team">
      <failure message="expected 201 &quot;Created&quot;, got 401 &quot;Unauthorized&quot;" type="Error"><![CDATA[Error: expected 201 "Created", got 401 "Unauthorized"
    at addTeam (file:///C:/Users/43676/Desktop/5BHIF/SYP/GIT/tests/guide-teams/common.js:76:10)
    at Context.<anonymous> (file:///C:/Users/43676/Desktop/5BHIF/SYP/GIT/tests/guide-teams/teams-get.js:23:34)
    at process.processImmediate (node:internal/timers:491:21)
----
    at Test._assertStatus (node_modules\supertest\lib\test.js:252:14)
    at C:\Users\43676\Desktop\5BHIF\SYP\GIT\node_modules\supertest\lib\test.js:308:13
    at Test._assertFunction (node_modules\supertest\lib\test.js:285:13)
    at Test.assert (node_modules\supertest\lib\test.js:164:23)
    at localAssert (node_modules\supertest\lib\test.js:120:14)
    at C:\Users\43676\Desktop\5BHIF\SYP\GIT\node_modules\supertest\lib\test.js:125:7
    at Request.callback (node_modules\superagent\lib\node\index.js:867:3)
    at IncomingMessage.<anonymous> (node_modules\superagent\lib\node\index.js:1070:18)
    at IncomingMessage.emit (node:events:531:35)
    at endReadableNT (node:internal/streams/readable:1698:12)
    at process.processTicksAndRejections (node:internal/process/task_queues:90:21)]]></failure>
    </testcase>
    <testcase name="Guide-Teams - GET /GET guide-teams it should list two guide-teams" time="0.003" classname="it should list two guide-teams">
      <failure message="expected 201 &quot;Created&quot;, got 401 &quot;Unauthorized&quot;" type="Error"><![CDATA[Error: expected 201 "Created", got 401 "Unauthorized"
    at addTeam (file:///C:/Users/43676/Desktop/5BHIF/SYP/GIT/tests/guide-teams/common.js:76:10)
    at Context.<anonymous> (file:///C:/Users/43676/Desktop/5BHIF/SYP/GIT/tests/guide-teams/teams-get.js:35:19)
    at process.processImmediate (node:internal/timers:491:21)
----
    at Test._assertStatus (node_modules\supertest\lib\test.js:252:14)
    at C:\Users\43676\Desktop\5BHIF\SYP\GIT\node_modules\supertest\lib\test.js:308:13
    at Test._assertFunction (node_modules\supertest\lib\test.js:285:13)
    at Test.assert (node_modules\supertest\lib\test.js:164:23)
    at localAssert (node_modules\supertest\lib\test.js:120:14)
    at C:\Users\43676\Desktop\5BHIF\SYP\GIT\node_modules\supertest\lib\test.js:125:7
    at Request.callback (node_modules\superagent\lib\node\index.js:867:3)
    at IncomingMessage.<anonymous> (node_modules\superagent\lib\node\index.js:1070:18)
    at IncomingMessage.emit (node:events:531:35)
    at endReadableNT (node:internal/streams/readable:1698:12)
    at process.processTicksAndRejections (node:internal/process/task_queues:90:21)]]></failure>
    </testcase>
  </testsuite>
  <testsuite name="/GET guide-teams by id" timestamp="2025-02-19T20:38:29" tests="4" file="C:\Users\43676\Desktop\5BHIF\SYP\GIT\tests\guide-teams\teams-get.js" time="0.037" failures="1">
    <testcase name="Guide-Teams - GET /GET guide-teams by id it should return 404 for an unknown guide-team" time="0.004" classname="it should return 404 for an unknown guide-team">
    </testcase>
    <testcase name="Guide-Teams - GET /GET guide-teams by id it should return a previously inserted guide-team" time="0.002" classname="it should return a previously inserted guide-team">
      <failure message="expected 201 &quot;Created&quot;, got 401 &quot;Unauthorized&quot;" type="Error"><![CDATA[Error: expected 201 "Created", got 401 "Unauthorized"
    at addTeam (file:///C:/Users/43676/Desktop/5BHIF/SYP/GIT/tests/guide-teams/common.js:76:10)
    at Context.<anonymous> (file:///C:/Users/43676/Desktop/5BHIF/SYP/GIT/tests/guide-teams/teams-get.js:55:34)
    at process.processImmediate (node:internal/timers:491:21)
----
    at Test._assertStatus (node_modules\supertest\lib\test.js:252:14)
    at C:\Users\43676\Desktop\5BHIF\SYP\GIT\node_modules\supertest\lib\test.js:308:13
    at Test._assertFunction (node_modules\supertest\lib\test.js:285:13)
    at Test.assert (node_modules\supertest\lib\test.js:164:23)
    at localAssert (node_modules\supertest\lib\test.js:120:14)
    at C:\Users\43676\Desktop\5BHIF\SYP\GIT\node_modules\supertest\lib\test.js:125:7
    at Request.callback (node_modules\superagent\lib\node\index.js:867:3)
    at IncomingMessage.<anonymous> (node_modules\superagent\lib\node\index.js:1070:18)
    at IncomingMessage.emit (node:events:531:35)
    at endReadableNT (node:internal/streams/readable:1698:12)
    at process.processTicksAndRejections (node:internal/process/task_queues:90:21)]]></failure>
    </testcase>
    <testcase name="Guide-Teams - GET /GET guide-teams by id it should return an error for an invalid id" time="0.002" classname="it should return an error for an invalid id">
    </testcase>
    <testcase name="Guide-Teams - GET /GET guide-teams by id it should return 404 for an unknown guide-team" time="0.003" classname="it should return 404 for an unknown guide-team">
    </testcase>
  </testsuite>
  <testsuite name="GET members by guide team" timestamp="2025-02-19T20:38:29" tests="1" file="C:\Users\43676\Desktop\5BHIF\SYP\GIT\tests\guide-teams\teams-get.js" time="0.008" failures="1">
    <testcase name="Guide-Teams - GET GET members by guide team it should return a previously inserted guide-teams members" time="0.002" classname="it should return a previously inserted guide-teams members">
      <failure message="expected 201 &quot;Created&quot;, got 401 &quot;Unauthorized&quot;" type="Error"><![CDATA[Error: expected 201 "Created", got 401 "Unauthorized"
    at addTeam (file:///C:/Users/43676/Desktop/5BHIF/SYP/GIT/tests/guide-teams/common.js:76:10)
    at Context.<anonymous> (file:///C:/Users/43676/Desktop/5BHIF/SYP/GIT/tests/guide-teams/teams-get.js:81:34)
    at process.processImmediate (node:internal/timers:491:21)
----
    at Test._assertStatus (node_modules\supertest\lib\test.js:252:14)
    at C:\Users\43676\Desktop\5BHIF\SYP\GIT\node_modules\supertest\lib\test.js:308:13
    at Test._assertFunction (node_modules\supertest\lib\test.js:285:13)
    at Test.assert (node_modules\supertest\lib\test.js:164:23)
    at localAssert (node_modules\supertest\lib\test.js:120:14)
    at C:\Users\43676\Desktop\5BHIF\SYP\GIT\node_modules\supertest\lib\test.js:125:7
    at Request.callback (node_modules\superagent\lib\node\index.js:867:3)
    at IncomingMessage.<anonymous> (node_modules\superagent\lib\node\index.js:1070:18)
    at IncomingMessage.emit (node:events:531:35)
    at endReadableNT (node:internal/streams/readable:1698:12)
    at process.processTicksAndRejections (node:internal/process/task_queues:90:21)]]></failure>
    </testcase>
  </testsuite>
  <testsuite name="Guide-Teams - POST" timestamp="2025-02-19T20:38:29" tests="0" file="C:\Users\43676\Desktop\5BHIF\SYP\GIT\tests\guide-teams\teams-post.js" time="0.000" failures="0">
  </testsuite>
  <testsuite name="/POST guide-teams - happy flow" timestamp="2025-02-19T20:38:29" tests="1" file="C:\Users\43676\Desktop\5BHIF\SYP\GIT\tests\guide-teams\teams-post.js" time="0.008" failures="1">
    <testcase name="Guide-Teams - POST /POST guide-teams - happy flow it should add a single guide-team" time="0.003" classname="it should add a single guide-team">
      <failure message="expected 201 &quot;Created&quot;, got 401 &quot;Unauthorized&quot;" type="Error"><![CDATA[Error: expected 201 "Created", got 401 "Unauthorized"
    at Context.<anonymous> (file:///C:/Users/43676/Desktop/5BHIF/SYP/GIT/tests/guide-teams/teams-post.js:20:18)
    at process.processImmediate (node:internal/timers:491:21)
----
    at Test._assertStatus (node_modules\supertest\lib\test.js:252:14)
    at C:\Users\43676\Desktop\5BHIF\SYP\GIT\node_modules\supertest\lib\test.js:308:13
    at Test._assertFunction (node_modules\supertest\lib\test.js:285:13)
    at Test.assert (node_modules\supertest\lib\test.js:164:23)
    at localAssert (node_modules\supertest\lib\test.js:120:14)
    at C:\Users\43676\Desktop\5BHIF\SYP\GIT\node_modules\supertest\lib\test.js:125:7
    at Request.callback (node_modules\superagent\lib\node\index.js:867:3)
    at IncomingMessage.<anonymous> (node_modules\superagent\lib\node\index.js:1070:18)
    at IncomingMessage.emit (node:events:531:35)
    at endReadableNT (node:internal/streams/readable:1698:12)
    at process.processTicksAndRejections (node:internal/process/task_queues:90:21)]]></failure>
    </testcase>
  </testsuite>
  <testsuite name="/POST guide-teams - same name" timestamp="2025-02-19T20:38:29" tests="1" file="C:\Users\43676\Desktop\5BHIF\SYP\GIT\tests\guide-teams\teams-post.js" time="0.008" failures="1">
    <testcase name="Guide-Teams - POST /POST guide-teams - same name it should add a guide-team and refuse the next one with the same name" time="0.002" classname="it should add a guide-team and refuse the next one with the same name">
      <failure message="expected 201 &quot;Created&quot;, got 401 &quot;Unauthorized&quot;" type="Error"><![CDATA[Error: expected 201 "Created", got 401 "Unauthorized"
    at Context.<anonymous> (file:///C:/Users/43676/Desktop/5BHIF/SYP/GIT/tests/guide-teams/teams-post.js:43:18)
    at process.processImmediate (node:internal/timers:491:21)
----
    at Test._assertStatus (node_modules\supertest\lib\test.js:252:14)
    at C:\Users\43676\Desktop\5BHIF\SYP\GIT\node_modules\supertest\lib\test.js:308:13
    at Test._assertFunction (node_modules\supertest\lib\test.js:285:13)
    at Test.assert (node_modules\supertest\lib\test.js:164:23)
    at localAssert (node_modules\supertest\lib\test.js:120:14)
    at C:\Users\43676\Desktop\5BHIF\SYP\GIT\node_modules\supertest\lib\test.js:125:7
    at Request.callback (node_modules\superagent\lib\node\index.js:867:3)
    at IncomingMessage.<anonymous> (node_modules\superagent\lib\node\index.js:1070:18)
    at IncomingMessage.emit (node:events:531:35)
    at endReadableNT (node:internal/streams/readable:1698:12)
    at process.processTicksAndRejections (node:internal/process/task_queues:90:21)]]></failure>
    </testcase>
  </testsuite>
  <testsuite name="Guide-Teams - PUT" timestamp="2025-02-19T20:38:29" tests="0" file="C:\Users\43676\Desktop\5BHIF\SYP\GIT\tests\guide-teams\teams-put.js" time="0.000" failures="0">
  </testsuite>
  <testsuite name="/PUT guide-teams - happy flow" timestamp="2025-02-19T20:38:29" tests="1" file="C:\Users\43676\Desktop\5BHIF\SYP\GIT\tests\guide-teams\teams-put.js" time="0.009" failures="1">
    <testcase name="Guide-Teams - PUT /PUT guide-teams - happy flow it should update a single guide-team" time="0.003" classname="it should update a single guide-team">
      <failure message="expected 201 &quot;Created&quot;, got 401 &quot;Unauthorized&quot;" type="Error"><![CDATA[Error: expected 201 "Created", got 401 "Unauthorized"
    at Context.<anonymous> (file:///C:/Users/43676/Desktop/5BHIF/SYP/GIT/tests/guide-teams/teams-put.js:25:18)
    at process.processImmediate (node:internal/timers:491:21)
----
    at Test._assertStatus (node_modules\supertest\lib\test.js:252:14)
    at C:\Users\43676\Desktop\5BHIF\SYP\GIT\node_modules\supertest\lib\test.js:308:13
    at Test._assertFunction (node_modules\supertest\lib\test.js:285:13)
    at Test.assert (node_modules\supertest\lib\test.js:164:23)
    at localAssert (node_modules\supertest\lib\test.js:120:14)
    at C:\Users\43676\Desktop\5BHIF\SYP\GIT\node_modules\supertest\lib\test.js:125:7
    at Request.callback (node_modules\superagent\lib\node\index.js:867:3)
    at IncomingMessage.<anonymous> (node_modules\superagent\lib\node\index.js:1070:18)
    at IncomingMessage.emit (node:events:531:35)
    at endReadableNT (node:internal/streams/readable:1698:12)
    at process.processTicksAndRejections (node:internal/process/task_queues:90:21)]]></failure>
    </testcase>
  </testsuite>
  <testsuite name="/PUT guide-teams - same name" timestamp="2025-02-19T20:38:29" tests="3" file="C:\Users\43676\Desktop\5BHIF\SYP\GIT\tests\guide-teams\teams-put.js" time="0.024" failures="3">
    <testcase name="Guide-Teams - PUT /PUT guide-teams - same name it should add two guide-teams and refuse to rename one guide-team to the other team&apos;s name" time="0.003" classname="it should add two guide-teams and refuse to rename one guide-team to the other team&apos;s name">
      <failure message="expected 201 &quot;Created&quot;, got 401 &quot;Unauthorized&quot;" type="Error"><![CDATA[Error: expected 201 "Created", got 401 "Unauthorized"
    at Context.<anonymous> (file:///C:/Users/43676/Desktop/5BHIF/SYP/GIT/tests/guide-teams/teams-put.js:48:18)
    at process.processImmediate (node:internal/timers:491:21)
----
    at Test._assertStatus (node_modules\supertest\lib\test.js:252:14)
    at C:\Users\43676\Desktop\5BHIF\SYP\GIT\node_modules\supertest\lib\test.js:308:13
    at Test._assertFunction (node_modules\supertest\lib\test.js:285:13)
    at Test.assert (node_modules\supertest\lib\test.js:164:23)
    at localAssert (node_modules\supertest\lib\test.js:120:14)
    at C:\Users\43676\Desktop\5BHIF\SYP\GIT\node_modules\supertest\lib\test.js:125:7
    at Request.callback (node_modules\superagent\lib\node\index.js:867:3)
    at IncomingMessage.<anonymous> (node_modules\superagent\lib\node\index.js:1070:18)
    at IncomingMessage.emit (node:events:531:35)
    at endReadableNT (node:internal/streams/readable:1698:12)
    at process.processTicksAndRejections (node:internal/process/task_queues:90:21)]]></failure>
    </testcase>
    <testcase name="Guide-Teams - PUT /PUT guide-teams - same name it should not update a team with an invalid id" time="0.003" classname="it should not update a team with an invalid id">
      <failure message="expected 400 &quot;Bad Request&quot;, got 401 &quot;Unauthorized&quot;" type="Error"><![CDATA[Error: expected 400 "Bad Request", got 401 "Unauthorized"
    at Context.<anonymous> (file:///C:/Users/43676/Desktop/5BHIF/SYP/GIT/tests/guide-teams/teams-put.js:76:18)
    at process.processImmediate (node:internal/timers:491:21)
----
    at Test._assertStatus (node_modules\supertest\lib\test.js:252:14)
    at C:\Users\43676\Desktop\5BHIF\SYP\GIT\node_modules\supertest\lib\test.js:308:13
    at Test._assertFunction (node_modules\supertest\lib\test.js:285:13)
    at Test.assert (node_modules\supertest\lib\test.js:164:23)
    at localAssert (node_modules\supertest\lib\test.js:120:14)
    at C:\Users\43676\Desktop\5BHIF\SYP\GIT\node_modules\supertest\lib\test.js:125:7
    at Request.callback (node_modules\superagent\lib\node\index.js:867:3)
    at IncomingMessage.<anonymous> (node_modules\superagent\lib\node\index.js:1070:18)
    at IncomingMessage.emit (node:events:531:35)
    at endReadableNT (node:internal/streams/readable:1698:12)
    at process.processTicksAndRejections (node:internal/process/task_queues:90:21)]]></failure>
    </testcase>
    <testcase name="Guide-Teams - PUT /PUT guide-teams - same name it should not update a non-existing team" time="0.003" classname="it should not update a non-existing team">
      <failure message="expected 404 &quot;Not Found&quot;, got 401 &quot;Unauthorized&quot;" type="Error"><![CDATA[Error: expected 404 "Not Found", got 401 "Unauthorized"
    at Context.<anonymous> (file:///C:/Users/43676/Desktop/5BHIF/SYP/GIT/tests/guide-teams/teams-put.js:84:18)
    at process.processImmediate (node:internal/timers:491:21)
----
    at Test._assertStatus (node_modules\supertest\lib\test.js:252:14)
    at C:\Users\43676\Desktop\5BHIF\SYP\GIT\node_modules\supertest\lib\test.js:308:13
    at Test._assertFunction (node_modules\supertest\lib\test.js:285:13)
    at Test.assert (node_modules\supertest\lib\test.js:164:23)
    at localAssert (node_modules\supertest\lib\test.js:120:14)
    at C:\Users\43676\Desktop\5BHIF\SYP\GIT\node_modules\supertest\lib\test.js:125:7
    at Request.callback (node_modules\superagent\lib\node\index.js:867:3)
    at IncomingMessage.<anonymous> (node_modules\superagent\lib\node\index.js:1070:18)
    at IncomingMessage.emit (node:events:531:35)
    at endReadableNT (node:internal/streams/readable:1698:12)
    at process.processTicksAndRejections (node:internal/process/task_queues:90:21)]]></failure>
    </testcase>
  </testsuite>
  <testsuite name="/PUT guide-teams - team-leader" timestamp="2025-02-19T20:38:29" tests="9" file="C:\Users\43676\Desktop\5BHIF\SYP\GIT\tests\guide-teams\teams-put.js" time="0.074" failures="9">
    <testcase name="Guide-Teams - PUT /PUT guide-teams - team-leader it should set a new team-leader" time="0.003" classname="it should set a new team-leader">
      <failure message="expected 201 &quot;Created&quot;, got 401 &quot;Unauthorized&quot;" type="Error"><![CDATA[Error: expected 201 "Created", got 401 "Unauthorized"
    at addTeam (file:///C:/Users/43676/Desktop/5BHIF/SYP/GIT/tests/guide-teams/common.js:76:10)
    at initializeGuideTeams (file:///C:/Users/43676/Desktop/5BHIF/SYP/GIT/tests/guide-teams/common.js:117:34)
    at Context.<anonymous> (file:///C:/Users/43676/Desktop/5BHIF/SYP/GIT/tests/guide-teams/teams-put.js:95:23)
    at process.processImmediate (node:internal/timers:491:21)
----
    at Test._assertStatus (node_modules\supertest\lib\test.js:252:14)
    at C:\Users\43676\Desktop\5BHIF\SYP\GIT\node_modules\supertest\lib\test.js:308:13
    at Test._assertFunction (node_modules\supertest\lib\test.js:285:13)
    at Test.assert (node_modules\supertest\lib\test.js:164:23)
    at localAssert (node_modules\supertest\lib\test.js:120:14)
    at C:\Users\43676\Desktop\5BHIF\SYP\GIT\node_modules\supertest\lib\test.js:125:7
    at Request.callback (node_modules\superagent\lib\node\index.js:867:3)
    at IncomingMessage.<anonymous> (node_modules\superagent\lib\node\index.js:1070:18)
    at IncomingMessage.emit (node:events:531:35)
    at endReadableNT (node:internal/streams/readable:1698:12)
    at process.processTicksAndRejections (node:internal/process/task_queues:90:21)]]></failure>
    </testcase>
    <testcase name="Guide-Teams - PUT /PUT guide-teams - team-leader it should fail on invalid team id" time="0.002" classname="it should fail on invalid team id">
      <failure message="expected 201 &quot;Created&quot;, got 401 &quot;Unauthorized&quot;" type="Error"><![CDATA[Error: expected 201 "Created", got 401 "Unauthorized"
    at addTeam (file:///C:/Users/43676/Desktop/5BHIF/SYP/GIT/tests/guide-teams/common.js:76:10)
    at initializeGuideTeams (file:///C:/Users/43676/Desktop/5BHIF/SYP/GIT/tests/guide-teams/common.js:117:34)
    at Context.<anonymous> (file:///C:/Users/43676/Desktop/5BHIF/SYP/GIT/tests/guide-teams/teams-put.js:140:23)
    at process.processImmediate (node:internal/timers:491:21)
----
    at Test._assertStatus (node_modules\supertest\lib\test.js:252:14)
    at C:\Users\43676\Desktop\5BHIF\SYP\GIT\node_modules\supertest\lib\test.js:308:13
    at Test._assertFunction (node_modules\supertest\lib\test.js:285:13)
    at Test.assert (node_modules\supertest\lib\test.js:164:23)
    at localAssert (node_modules\supertest\lib\test.js:120:14)
    at C:\Users\43676\Desktop\5BHIF\SYP\GIT\node_modules\supertest\lib\test.js:125:7
    at Request.callback (node_modules\superagent\lib\node\index.js:867:3)
    at IncomingMessage.<anonymous> (node_modules\superagent\lib\node\index.js:1070:18)
    at IncomingMessage.emit (node:events:531:35)
    at endReadableNT (node:internal/streams/readable:1698:12)
    at process.processTicksAndRejections (node:internal/process/task_queues:90:21)]]></failure>
    </testcase>
    <testcase name="Guide-Teams - PUT /PUT guide-teams - team-leader it should not set a team-leader as the new team-leader" time="0.003" classname="it should not set a team-leader as the new team-leader">
      <failure message="expected 201 &quot;Created&quot;, got 401 &quot;Unauthorized&quot;" type="Error"><![CDATA[Error: expected 201 "Created", got 401 "Unauthorized"
    at addTeam (file:///C:/Users/43676/Desktop/5BHIF/SYP/GIT/tests/guide-teams/common.js:76:10)
    at initializeGuideTeams (file:///C:/Users/43676/Desktop/5BHIF/SYP/GIT/tests/guide-teams/common.js:117:34)
    at Context.<anonymous> (file:///C:/Users/43676/Desktop/5BHIF/SYP/GIT/tests/guide-teams/teams-put.js:161:23)
    at process.processImmediate (node:internal/timers:491:21)
----
    at Test._assertStatus (node_modules\supertest\lib\test.js:252:14)
    at C:\Users\43676\Desktop\5BHIF\SYP\GIT\node_modules\supertest\lib\test.js:308:13
    at Test._assertFunction (node_modules\supertest\lib\test.js:285:13)
    at Test.assert (node_modules\supertest\lib\test.js:164:23)
    at localAssert (node_modules\supertest\lib\test.js:120:14)
    at C:\Users\43676\Desktop\5BHIF\SYP\GIT\node_modules\supertest\lib\test.js:125:7
    at Request.callback (node_modules\superagent\lib\node\index.js:867:3)
    at IncomingMessage.<anonymous> (node_modules\superagent\lib\node\index.js:1070:18)
    at IncomingMessage.emit (node:events:531:35)
    at endReadableNT (node:internal/streams/readable:1698:12)
    at process.processTicksAndRejections (node:internal/process/task_queues:90:21)]]></failure>
    </testcase>
    <testcase name="Guide-Teams - PUT /PUT guide-teams - team-leader it should not set a student with invalid version-number as new-teamleader" time="0.002" classname="it should not set a student with invalid version-number as new-teamleader">
      <failure message="expected 201 &quot;Created&quot;, got 401 &quot;Unauthorized&quot;" type="Error"><![CDATA[Error: expected 201 "Created", got 401 "Unauthorized"
    at addTeam (file:///C:/Users/43676/Desktop/5BHIF/SYP/GIT/tests/guide-teams/common.js:76:10)
    at initializeGuideTeams (file:///C:/Users/43676/Desktop/5BHIF/SYP/GIT/tests/guide-teams/common.js:117:34)
    at Context.<anonymous> (file:///C:/Users/43676/Desktop/5BHIF/SYP/GIT/tests/guide-teams/teams-put.js:184:23)
    at process.processImmediate (node:internal/timers:491:21)
----
    at Test._assertStatus (node_modules\supertest\lib\test.js:252:14)
    at C:\Users\43676\Desktop\5BHIF\SYP\GIT\node_modules\supertest\lib\test.js:308:13
    at Test._assertFunction (node_modules\supertest\lib\test.js:285:13)
    at Test.assert (node_modules\supertest\lib\test.js:164:23)
    at localAssert (node_modules\supertest\lib\test.js:120:14)
    at C:\Users\43676\Desktop\5BHIF\SYP\GIT\node_modules\supertest\lib\test.js:125:7
    at Request.callback (node_modules\superagent\lib\node\index.js:867:3)
    at IncomingMessage.<anonymous> (node_modules\superagent\lib\node\index.js:1070:18)
    at IncomingMessage.emit (node:events:531:35)
    at endReadableNT (node:internal/streams/readable:1698:12)
    at process.processTicksAndRejections (node:internal/process/task_queues:90:21)]]></failure>
    </testcase>
    <testcase name="Guide-Teams - PUT /PUT guide-teams - team-leader it should not set a student without a version-number as team-leader" time="0.002" classname="it should not set a student without a version-number as team-leader">
      <failure message="expected 201 &quot;Created&quot;, got 401 &quot;Unauthorized&quot;" type="Error"><![CDATA[Error: expected 201 "Created", got 401 "Unauthorized"
    at addTeam (file:///C:/Users/43676/Desktop/5BHIF/SYP/GIT/tests/guide-teams/common.js:76:10)
    at initializeGuideTeams (file:///C:/Users/43676/Desktop/5BHIF/SYP/GIT/tests/guide-teams/common.js:117:34)
    at Context.<anonymous> (file:///C:/Users/43676/Desktop/5BHIF/SYP/GIT/tests/guide-teams/teams-put.js:200:23)
    at process.processImmediate (node:internal/timers:491:21)
----
    at Test._assertStatus (node_modules\supertest\lib\test.js:252:14)
    at C:\Users\43676\Desktop\5BHIF\SYP\GIT\node_modules\supertest\lib\test.js:308:13
    at Test._assertFunction (node_modules\supertest\lib\test.js:285:13)
    at Test.assert (node_modules\supertest\lib\test.js:164:23)
    at localAssert (node_modules\supertest\lib\test.js:120:14)
    at C:\Users\43676\Desktop\5BHIF\SYP\GIT\node_modules\supertest\lib\test.js:125:7
    at Request.callback (node_modules\superagent\lib\node\index.js:867:3)
    at IncomingMessage.<anonymous> (node_modules\superagent\lib\node\index.js:1070:18)
    at IncomingMessage.emit (node:events:531:35)
    at endReadableNT (node:internal/streams/readable:1698:12)
    at process.processTicksAndRejections (node:internal/process/task_queues:90:21)]]></failure>
    </testcase>
    <testcase name="Guide-Teams - PUT /PUT guide-teams - team-leader it should not set a non-existing student as teamleader" time="0.002" classname="it should not set a non-existing student as teamleader">
      <failure message="expected 201 &quot;Created&quot;, got 401 &quot;Unauthorized&quot;" type="Error"><![CDATA[Error: expected 201 "Created", got 401 "Unauthorized"
    at addTeam (file:///C:/Users/43676/Desktop/5BHIF/SYP/GIT/tests/guide-teams/common.js:76:10)
    at initializeGuideTeams (file:///C:/Users/43676/Desktop/5BHIF/SYP/GIT/tests/guide-teams/common.js:117:34)
    at Context.<anonymous> (file:///C:/Users/43676/Desktop/5BHIF/SYP/GIT/tests/guide-teams/teams-put.js:215:23)
    at process.processImmediate (node:internal/timers:491:21)
----
    at Test._assertStatus (node_modules\supertest\lib\test.js:252:14)
    at C:\Users\43676\Desktop\5BHIF\SYP\GIT\node_modules\supertest\lib\test.js:308:13
    at Test._assertFunction (node_modules\supertest\lib\test.js:285:13)
    at Test.assert (node_modules\supertest\lib\test.js:164:23)
    at localAssert (node_modules\supertest\lib\test.js:120:14)
    at C:\Users\43676\Desktop\5BHIF\SYP\GIT\node_modules\supertest\lib\test.js:125:7
    at Request.callback (node_modules\superagent\lib\node\index.js:867:3)
    at IncomingMessage.<anonymous> (node_modules\superagent\lib\node\index.js:1070:18)
    at IncomingMessage.emit (node:events:531:35)
    at endReadableNT (node:internal/streams/readable:1698:12)
    at process.processTicksAndRejections (node:internal/process/task_queues:90:21)]]></failure>
    </testcase>
    <testcase name="Guide-Teams - PUT /PUT guide-teams - team-leader it should not set a student that&apos;s not part of the team as teamLeader" time="0.002" classname="it should not set a student that&apos;s not part of the team as teamLeader">
      <failure message="expected 201 &quot;Created&quot;, got 401 &quot;Unauthorized&quot;" type="Error"><![CDATA[Error: expected 201 "Created", got 401 "Unauthorized"
    at addTeam (file:///C:/Users/43676/Desktop/5BHIF/SYP/GIT/tests/guide-teams/common.js:76:10)
    at initializeGuideTeams (file:///C:/Users/43676/Desktop/5BHIF/SYP/GIT/tests/guide-teams/common.js:117:34)
    at Context.<anonymous> (file:///C:/Users/43676/Desktop/5BHIF/SYP/GIT/tests/guide-teams/teams-put.js:231:23)
    at process.processImmediate (node:internal/timers:491:21)
----
    at Test._assertStatus (node_modules\supertest\lib\test.js:252:14)
    at C:\Users\43676\Desktop\5BHIF\SYP\GIT\node_modules\supertest\lib\test.js:308:13
    at Test._assertFunction (node_modules\supertest\lib\test.js:285:13)
    at Test.assert (node_modules\supertest\lib\test.js:164:23)
    at localAssert (node_modules\supertest\lib\test.js:120:14)
    at C:\Users\43676\Desktop\5BHIF\SYP\GIT\node_modules\supertest\lib\test.js:125:7
    at Request.callback (node_modules\superagent\lib\node\index.js:867:3)
    at IncomingMessage.<anonymous> (node_modules\superagent\lib\node\index.js:1070:18)
    at IncomingMessage.emit (node:events:531:35)
    at endReadableNT (node:internal/streams/readable:1698:12)
    at process.processTicksAndRejections (node:internal/process/task_queues:90:21)]]></failure>
    </testcase>
    <testcase name="Guide-Teams - PUT /PUT guide-teams - team-leader it should not set a student as the teamleader of a non-existing team" time="0.002" classname="it should not set a student as the teamleader of a non-existing team">
      <failure message="expected 201 &quot;Created&quot;, got 401 &quot;Unauthorized&quot;" type="Error"><![CDATA[Error: expected 201 "Created", got 401 "Unauthorized"
    at addTeam (file:///C:/Users/43676/Desktop/5BHIF/SYP/GIT/tests/guide-teams/common.js:76:10)
    at initializeGuideTeams (file:///C:/Users/43676/Desktop/5BHIF/SYP/GIT/tests/guide-teams/common.js:117:34)
    at Context.<anonymous> (file:///C:/Users/43676/Desktop/5BHIF/SYP/GIT/tests/guide-teams/teams-put.js:254:23)
    at process.processImmediate (node:internal/timers:491:21)
----
    at Test._assertStatus (node_modules\supertest\lib\test.js:252:14)
    at C:\Users\43676\Desktop\5BHIF\SYP\GIT\node_modules\supertest\lib\test.js:308:13
    at Test._assertFunction (node_modules\supertest\lib\test.js:285:13)
    at Test.assert (node_modules\supertest\lib\test.js:164:23)
    at localAssert (node_modules\supertest\lib\test.js:120:14)
    at C:\Users\43676\Desktop\5BHIF\SYP\GIT\node_modules\supertest\lib\test.js:125:7
    at Request.callback (node_modules\superagent\lib\node\index.js:867:3)
    at IncomingMessage.<anonymous> (node_modules\superagent\lib\node\index.js:1070:18)
    at IncomingMessage.emit (node:events:531:35)
    at endReadableNT (node:internal/streams/readable:1698:12)
    at process.processTicksAndRejections (node:internal/process/task_queues:90:21)]]></failure>
    </testcase>
    <testcase name="Guide-Teams - PUT /PUT guide-teams - team-leader it should not set a student with invalid id as the teamleader" time="0.002" classname="it should not set a student with invalid id as the teamleader">
      <failure message="expected 201 &quot;Created&quot;, got 401 &quot;Unauthorized&quot;" type="Error"><![CDATA[Error: expected 201 "Created", got 401 "Unauthorized"
    at addTeam (file:///C:/Users/43676/Desktop/5BHIF/SYP/GIT/tests/guide-teams/common.js:76:10)
    at initializeGuideTeams (file:///C:/Users/43676/Desktop/5BHIF/SYP/GIT/tests/guide-teams/common.js:117:34)
    at Context.<anonymous> (file:///C:/Users/43676/Desktop/5BHIF/SYP/GIT/tests/guide-teams/teams-put.js:277:23)
    at process.processImmediate (node:internal/timers:491:21)
----
    at Test._assertStatus (node_modules\supertest\lib\test.js:252:14)
    at C:\Users\43676\Desktop\5BHIF\SYP\GIT\node_modules\supertest\lib\test.js:308:13
    at Test._assertFunction (node_modules\supertest\lib\test.js:285:13)
    at Test.assert (node_modules\supertest\lib\test.js:164:23)
    at localAssert (node_modules\supertest\lib\test.js:120:14)
    at C:\Users\43676\Desktop\5BHIF\SYP\GIT\node_modules\supertest\lib\test.js:125:7
    at Request.callback (node_modules\superagent\lib\node\index.js:867:3)
    at IncomingMessage.<anonymous> (node_modules\superagent\lib\node\index.js:1070:18)
    at IncomingMessage.emit (node:events:531:35)
    at endReadableNT (node:internal/streams/readable:1698:12)
    at process.processTicksAndRejections (node:internal/process/task_queues:90:21)]]></failure>
    </testcase>
  </testsuite>
  <testsuite name="/PUT guide-teams - remove students from guide-team" timestamp="2025-02-19T20:38:29" tests="6" file="C:\Users\43676\Desktop\5BHIF\SYP\GIT\tests\guide-teams\teams-put.js" time="0.048" failures="6">
    <testcase name="Guide-Teams - PUT /PUT guide-teams - remove students from guide-team it should remove a team-member" time="0.002" classname="it should remove a team-member">
      <failure message="expected 201 &quot;Created&quot;, got 401 &quot;Unauthorized&quot;" type="Error"><![CDATA[Error: expected 201 "Created", got 401 "Unauthorized"
    at addTeam (file:///C:/Users/43676/Desktop/5BHIF/SYP/GIT/tests/guide-teams/common.js:76:10)
    at initializeGuideTeams (file:///C:/Users/43676/Desktop/5BHIF/SYP/GIT/tests/guide-teams/common.js:117:34)
    at Context.<anonymous> (file:///C:/Users/43676/Desktop/5BHIF/SYP/GIT/tests/guide-teams/teams-put.js:294:23)
    at process.processImmediate (node:internal/timers:491:21)
----
    at Test._assertStatus (node_modules\supertest\lib\test.js:252:14)
    at C:\Users\43676\Desktop\5BHIF\SYP\GIT\node_modules\supertest\lib\test.js:308:13
    at Test._assertFunction (node_modules\supertest\lib\test.js:285:13)
    at Test.assert (node_modules\supertest\lib\test.js:164:23)
    at localAssert (node_modules\supertest\lib\test.js:120:14)
    at C:\Users\43676\Desktop\5BHIF\SYP\GIT\node_modules\supertest\lib\test.js:125:7
    at Request.callback (node_modules\superagent\lib\node\index.js:867:3)
    at IncomingMessage.<anonymous> (node_modules\superagent\lib\node\index.js:1070:18)
    at IncomingMessage.emit (node:events:531:35)
    at endReadableNT (node:internal/streams/readable:1698:12)
    at process.processTicksAndRejections (node:internal/process/task_queues:90:21)]]></failure>
    </testcase>
    <testcase name="Guide-Teams - PUT /PUT guide-teams - remove students from guide-team it should not remove student with invalid version-number" time="0.002" classname="it should not remove student with invalid version-number">
      <failure message="expected 201 &quot;Created&quot;, got 401 &quot;Unauthorized&quot;" type="Error"><![CDATA[Error: expected 201 "Created", got 401 "Unauthorized"
    at addTeam (file:///C:/Users/43676/Desktop/5BHIF/SYP/GIT/tests/guide-teams/common.js:76:10)
    at initializeGuideTeams (file:///C:/Users/43676/Desktop/5BHIF/SYP/GIT/tests/guide-teams/common.js:117:34)
    at Context.<anonymous> (file:///C:/Users/43676/Desktop/5BHIF/SYP/GIT/tests/guide-teams/teams-put.js:325:23)
    at process.processImmediate (node:internal/timers:491:21)
----
    at Test._assertStatus (node_modules\supertest\lib\test.js:252:14)
    at C:\Users\43676\Desktop\5BHIF\SYP\GIT\node_modules\supertest\lib\test.js:308:13
    at Test._assertFunction (node_modules\supertest\lib\test.js:285:13)
    at Test.assert (node_modules\supertest\lib\test.js:164:23)
    at localAssert (node_modules\supertest\lib\test.js:120:14)
    at C:\Users\43676\Desktop\5BHIF\SYP\GIT\node_modules\supertest\lib\test.js:125:7
    at Request.callback (node_modules\superagent\lib\node\index.js:867:3)
    at IncomingMessage.<anonymous> (node_modules\superagent\lib\node\index.js:1070:18)
    at IncomingMessage.emit (node:events:531:35)
    at endReadableNT (node:internal/streams/readable:1698:12)
    at process.processTicksAndRejections (node:internal/process/task_queues:90:21)]]></failure>
    </testcase>
    <testcase name="Guide-Teams - PUT /PUT guide-teams - remove students from guide-team it should not remove a student without a version-number" time="0.003" classname="it should not remove a student without a version-number">
      <failure message="expected 201 &quot;Created&quot;, got 401 &quot;Unauthorized&quot;" type="Error"><![CDATA[Error: expected 201 "Created", got 401 "Unauthorized"
    at addTeam (file:///C:/Users/43676/Desktop/5BHIF/SYP/GIT/tests/guide-teams/common.js:76:10)
    at initializeGuideTeams (file:///C:/Users/43676/Desktop/5BHIF/SYP/GIT/tests/guide-teams/common.js:117:34)
    at Context.<anonymous> (file:///C:/Users/43676/Desktop/5BHIF/SYP/GIT/tests/guide-teams/teams-put.js:341:23)
    at process.processImmediate (node:internal/timers:491:21)
----
    at Test._assertStatus (node_modules\supertest\lib\test.js:252:14)
    at C:\Users\43676\Desktop\5BHIF\SYP\GIT\node_modules\supertest\lib\test.js:308:13
    at Test._assertFunction (node_modules\supertest\lib\test.js:285:13)
    at Test.assert (node_modules\supertest\lib\test.js:164:23)
    at localAssert (node_modules\supertest\lib\test.js:120:14)
    at C:\Users\43676\Desktop\5BHIF\SYP\GIT\node_modules\supertest\lib\test.js:125:7
    at Request.callback (node_modules\superagent\lib\node\index.js:867:3)
    at IncomingMessage.<anonymous> (node_modules\superagent\lib\node\index.js:1070:18)
    at IncomingMessage.emit (node:events:531:35)
    at endReadableNT (node:internal/streams/readable:1698:12)
    at process.processTicksAndRejections (node:internal/process/task_queues:90:21)]]></failure>
    </testcase>
    <testcase name="Guide-Teams - PUT /PUT guide-teams - remove students from guide-team it should not remove a non-existing student" time="0.002" classname="it should not remove a non-existing student">
      <failure message="expected 201 &quot;Created&quot;, got 401 &quot;Unauthorized&quot;" type="Error"><![CDATA[Error: expected 201 "Created", got 401 "Unauthorized"
    at addTeam (file:///C:/Users/43676/Desktop/5BHIF/SYP/GIT/tests/guide-teams/common.js:76:10)
    at initializeGuideTeams (file:///C:/Users/43676/Desktop/5BHIF/SYP/GIT/tests/guide-teams/common.js:117:34)
    at Context.<anonymous> (file:///C:/Users/43676/Desktop/5BHIF/SYP/GIT/tests/guide-teams/teams-put.js:356:23)
    at process.processImmediate (node:internal/timers:491:21)
----
    at Test._assertStatus (node_modules\supertest\lib\test.js:252:14)
    at C:\Users\43676\Desktop\5BHIF\SYP\GIT\node_modules\supertest\lib\test.js:308:13
    at Test._assertFunction (node_modules\supertest\lib\test.js:285:13)
    at Test.assert (node_modules\supertest\lib\test.js:164:23)
    at localAssert (node_modules\supertest\lib\test.js:120:14)
    at C:\Users\43676\Desktop\5BHIF\SYP\GIT\node_modules\supertest\lib\test.js:125:7
    at Request.callback (node_modules\superagent\lib\node\index.js:867:3)
    at IncomingMessage.<anonymous> (node_modules\superagent\lib\node\index.js:1070:18)
    at IncomingMessage.emit (node:events:531:35)
    at endReadableNT (node:internal/streams/readable:1698:12)
    at process.processTicksAndRejections (node:internal/process/task_queues:90:21)]]></failure>
    </testcase>
    <testcase name="Guide-Teams - PUT /PUT guide-teams - remove students from guide-team it should not remove a student that&apos;s not part of the team" time="0.003" classname="it should not remove a student that&apos;s not part of the team">
      <failure message="expected 201 &quot;Created&quot;, got 401 &quot;Unauthorized&quot;" type="Error"><![CDATA[Error: expected 201 "Created", got 401 "Unauthorized"
    at addTeam (file:///C:/Users/43676/Desktop/5BHIF/SYP/GIT/tests/guide-teams/common.js:76:10)
    at initializeGuideTeams (file:///C:/Users/43676/Desktop/5BHIF/SYP/GIT/tests/guide-teams/common.js:117:34)
    at Context.<anonymous> (file:///C:/Users/43676/Desktop/5BHIF/SYP/GIT/tests/guide-teams/teams-put.js:372:23)
    at process.processImmediate (node:internal/timers:491:21)
----
    at Test._assertStatus (node_modules\supertest\lib\test.js:252:14)
    at C:\Users\43676\Desktop\5BHIF\SYP\GIT\node_modules\supertest\lib\test.js:308:13
    at Test._assertFunction (node_modules\supertest\lib\test.js:285:13)
    at Test.assert (node_modules\supertest\lib\test.js:164:23)
    at localAssert (node_modules\supertest\lib\test.js:120:14)
    at C:\Users\43676\Desktop\5BHIF\SYP\GIT\node_modules\supertest\lib\test.js:125:7
    at Request.callback (node_modules\superagent\lib\node\index.js:867:3)
    at IncomingMessage.<anonymous> (node_modules\superagent\lib\node\index.js:1070:18)
    at IncomingMessage.emit (node:events:531:35)
    at endReadableNT (node:internal/streams/readable:1698:12)
    at process.processTicksAndRejections (node:internal/process/task_queues:90:21)]]></failure>
    </testcase>
    <testcase name="Guide-Teams - PUT /PUT guide-teams - remove students from guide-team it should not remove a student with invalid id" time="0.003" classname="it should not remove a student with invalid id">
      <failure message="expected 201 &quot;Created&quot;, got 401 &quot;Unauthorized&quot;" type="Error"><![CDATA[Error: expected 201 "Created", got 401 "Unauthorized"
    at addTeam (file:///C:/Users/43676/Desktop/5BHIF/SYP/GIT/tests/guide-teams/common.js:76:10)
    at initializeGuideTeams (file:///C:/Users/43676/Desktop/5BHIF/SYP/GIT/tests/guide-teams/common.js:117:34)
    at Context.<anonymous> (file:///C:/Users/43676/Desktop/5BHIF/SYP/GIT/tests/guide-teams/teams-put.js:395:23)
    at process.processImmediate (node:internal/timers:491:21)
----
    at Test._assertStatus (node_modules\supertest\lib\test.js:252:14)
    at C:\Users\43676\Desktop\5BHIF\SYP\GIT\node_modules\supertest\lib\test.js:308:13
    at Test._assertFunction (node_modules\supertest\lib\test.js:285:13)
    at Test.assert (node_modules\supertest\lib\test.js:164:23)
    at localAssert (node_modules\supertest\lib\test.js:120:14)
    at C:\Users\43676\Desktop\5BHIF\SYP\GIT\node_modules\supertest\lib\test.js:125:7
    at Request.callback (node_modules\superagent\lib\node\index.js:867:3)
    at IncomingMessage.<anonymous> (node_modules\superagent\lib\node\index.js:1070:18)
    at IncomingMessage.emit (node:events:531:35)
    at endReadableNT (node:internal/streams/readable:1698:12)
    at process.processTicksAndRejections (node:internal/process/task_queues:90:21)]]></failure>
    </testcase>
  </testsuite>
  <testsuite name="/PUT guide-teams - add student to guide-team" timestamp="2025-02-19T20:38:29" tests="8" file="C:\Users\43676\Desktop\5BHIF\SYP\GIT\tests\guide-teams\teams-put.js" time="0.063" failures="8">
    <testcase name="Guide-Teams - PUT /PUT guide-teams - add student to guide-team it should set add a new team-member" time="0.002" classname="it should set add a new team-member">
      <failure message="expected 201 &quot;Created&quot;, got 401 &quot;Unauthorized&quot;" type="Error"><![CDATA[Error: expected 201 "Created", got 401 "Unauthorized"
    at addTeam (file:///C:/Users/43676/Desktop/5BHIF/SYP/GIT/tests/guide-teams/common.js:76:10)
    at initializeGuideTeams (file:///C:/Users/43676/Desktop/5BHIF/SYP/GIT/tests/guide-teams/common.js:117:34)
    at Context.<anonymous> (file:///C:/Users/43676/Desktop/5BHIF/SYP/GIT/tests/guide-teams/teams-put.js:412:23)
    at process.processImmediate (node:internal/timers:491:21)
----
    at Test._assertStatus (node_modules\supertest\lib\test.js:252:14)
    at C:\Users\43676\Desktop\5BHIF\SYP\GIT\node_modules\supertest\lib\test.js:308:13
    at Test._assertFunction (node_modules\supertest\lib\test.js:285:13)
    at Test.assert (node_modules\supertest\lib\test.js:164:23)
    at localAssert (node_modules\supertest\lib\test.js:120:14)
    at C:\Users\43676\Desktop\5BHIF\SYP\GIT\node_modules\supertest\lib\test.js:125:7
    at Request.callback (node_modules\superagent\lib\node\index.js:867:3)
    at IncomingMessage.<anonymous> (node_modules\superagent\lib\node\index.js:1070:18)
    at IncomingMessage.emit (node:events:531:35)
    at endReadableNT (node:internal/streams/readable:1698:12)
    at process.processTicksAndRejections (node:internal/process/task_queues:90:21)]]></failure>
    </testcase>
    <testcase name="Guide-Teams - PUT /PUT guide-teams - add student to guide-team it should set the first student of a team as the team-leader" time="0.003" classname="it should set the first student of a team as the team-leader">
      <failure message="expected 201 &quot;Created&quot;, got 401 &quot;Unauthorized&quot;" type="Error"><![CDATA[Error: expected 201 "Created", got 401 "Unauthorized"
    at addTeam (file:///C:/Users/43676/Desktop/5BHIF/SYP/GIT/tests/guide-teams/common.js:76:10)
    at Context.<anonymous> (file:///C:/Users/43676/Desktop/5BHIF/SYP/GIT/tests/guide-teams/teams-put.js:438:34)
    at process.processImmediate (node:internal/timers:491:21)
----
    at Test._assertStatus (node_modules\supertest\lib\test.js:252:14)
    at C:\Users\43676\Desktop\5BHIF\SYP\GIT\node_modules\supertest\lib\test.js:308:13
    at Test._assertFunction (node_modules\supertest\lib\test.js:285:13)
    at Test.assert (node_modules\supertest\lib\test.js:164:23)
    at localAssert (node_modules\supertest\lib\test.js:120:14)
    at C:\Users\43676\Desktop\5BHIF\SYP\GIT\node_modules\supertest\lib\test.js:125:7
    at Request.callback (node_modules\superagent\lib\node\index.js:867:3)
    at IncomingMessage.<anonymous> (node_modules\superagent\lib\node\index.js:1070:18)
    at IncomingMessage.emit (node:events:531:35)
    at endReadableNT (node:internal/streams/readable:1698:12)
    at process.processTicksAndRejections (node:internal/process/task_queues:90:21)]]></failure>
    </testcase>
    <testcase name="Guide-Teams - PUT /PUT guide-teams - add student to guide-team it should not add a student with invalid version-number" time="0.003" classname="it should not add a student with invalid version-number">
      <failure message="expected 201 &quot;Created&quot;, got 401 &quot;Unauthorized&quot;" type="Error"><![CDATA[Error: expected 201 "Created", got 401 "Unauthorized"
    at addTeam (file:///C:/Users/43676/Desktop/5BHIF/SYP/GIT/tests/guide-teams/common.js:76:10)
    at initializeGuideTeams (file:///C:/Users/43676/Desktop/5BHIF/SYP/GIT/tests/guide-teams/common.js:117:34)
    at Context.<anonymous> (file:///C:/Users/43676/Desktop/5BHIF/SYP/GIT/tests/guide-teams/teams-put.js:469:23)
    at process.processImmediate (node:internal/timers:491:21)
----
    at Test._assertStatus (node_modules\supertest\lib\test.js:252:14)
    at C:\Users\43676\Desktop\5BHIF\SYP\GIT\node_modules\supertest\lib\test.js:308:13
    at Test._assertFunction (node_modules\supertest\lib\test.js:285:13)
    at Test.assert (node_modules\supertest\lib\test.js:164:23)
    at localAssert (node_modules\supertest\lib\test.js:120:14)
    at C:\Users\43676\Desktop\5BHIF\SYP\GIT\node_modules\supertest\lib\test.js:125:7
    at Request.callback (node_modules\superagent\lib\node\index.js:867:3)
    at IncomingMessage.<anonymous> (node_modules\superagent\lib\node\index.js:1070:18)
    at IncomingMessage.emit (node:events:531:35)
    at endReadableNT (node:internal/streams/readable:1698:12)
    at process.processTicksAndRejections (node:internal/process/task_queues:90:21)]]></failure>
    </testcase>
    <testcase name="Guide-Teams - PUT /PUT guide-teams - add student to guide-team it should not add a student without a version-number" time="0.002" classname="it should not add a student without a version-number">
      <failure message="expected 201 &quot;Created&quot;, got 401 &quot;Unauthorized&quot;" type="Error"><![CDATA[Error: expected 201 "Created", got 401 "Unauthorized"
    at addTeam (file:///C:/Users/43676/Desktop/5BHIF/SYP/GIT/tests/guide-teams/common.js:76:10)
    at initializeGuideTeams (file:///C:/Users/43676/Desktop/5BHIF/SYP/GIT/tests/guide-teams/common.js:117:34)
    at Context.<anonymous> (file:///C:/Users/43676/Desktop/5BHIF/SYP/GIT/tests/guide-teams/teams-put.js:485:23)
    at process.processImmediate (node:internal/timers:491:21)
----
    at Test._assertStatus (node_modules\supertest\lib\test.js:252:14)
    at C:\Users\43676\Desktop\5BHIF\SYP\GIT\node_modules\supertest\lib\test.js:308:13
    at Test._assertFunction (node_modules\supertest\lib\test.js:285:13)
    at Test.assert (node_modules\supertest\lib\test.js:164:23)
    at localAssert (node_modules\supertest\lib\test.js:120:14)
    at C:\Users\43676\Desktop\5BHIF\SYP\GIT\node_modules\supertest\lib\test.js:125:7
    at Request.callback (node_modules\superagent\lib\node\index.js:867:3)
    at IncomingMessage.<anonymous> (node_modules\superagent\lib\node\index.js:1070:18)
    at IncomingMessage.emit (node:events:531:35)
    at endReadableNT (node:internal/streams/readable:1698:12)
    at process.processTicksAndRejections (node:internal/process/task_queues:90:21)]]></failure>
    </testcase>
    <testcase name="Guide-Teams - PUT /PUT guide-teams - add student to guide-team it should not add a non-existing student" time="0.002" classname="it should not add a non-existing student">
      <failure message="expected 201 &quot;Created&quot;, got 401 &quot;Unauthorized&quot;" type="Error"><![CDATA[Error: expected 201 "Created", got 401 "Unauthorized"
    at addTeam (file:///C:/Users/43676/Desktop/5BHIF/SYP/GIT/tests/guide-teams/common.js:76:10)
    at initializeGuideTeams (file:///C:/Users/43676/Desktop/5BHIF/SYP/GIT/tests/guide-teams/common.js:117:34)
    at Context.<anonymous> (file:///C:/Users/43676/Desktop/5BHIF/SYP/GIT/tests/guide-teams/teams-put.js:500:23)
    at process.processImmediate (node:internal/timers:491:21)
----
    at Test._assertStatus (node_modules\supertest\lib\test.js:252:14)
    at C:\Users\43676\Desktop\5BHIF\SYP\GIT\node_modules\supertest\lib\test.js:308:13
    at Test._assertFunction (node_modules\supertest\lib\test.js:285:13)
    at Test.assert (node_modules\supertest\lib\test.js:164:23)
    at localAssert (node_modules\supertest\lib\test.js:120:14)
    at C:\Users\43676\Desktop\5BHIF\SYP\GIT\node_modules\supertest\lib\test.js:125:7
    at Request.callback (node_modules\superagent\lib\node\index.js:867:3)
    at IncomingMessage.<anonymous> (node_modules\superagent\lib\node\index.js:1070:18)
    at IncomingMessage.emit (node:events:531:35)
    at endReadableNT (node:internal/streams/readable:1698:12)
    at process.processTicksAndRejections (node:internal/process/task_queues:90:21)]]></failure>
    </testcase>
    <testcase name="Guide-Teams - PUT /PUT guide-teams - add student to guide-team it should not add a student that&apos;s part of the team as teamLeader" time="0.002" classname="it should not add a student that&apos;s part of the team as teamLeader">
      <failure message="expected 201 &quot;Created&quot;, got 401 &quot;Unauthorized&quot;" type="Error"><![CDATA[Error: expected 201 "Created", got 401 "Unauthorized"
    at addTeam (file:///C:/Users/43676/Desktop/5BHIF/SYP/GIT/tests/guide-teams/common.js:76:10)
    at initializeGuideTeams (file:///C:/Users/43676/Desktop/5BHIF/SYP/GIT/tests/guide-teams/common.js:117:34)
    at Context.<anonymous> (file:///C:/Users/43676/Desktop/5BHIF/SYP/GIT/tests/guide-teams/teams-put.js:516:23)
    at process.processImmediate (node:internal/timers:491:21)
----
    at Test._assertStatus (node_modules\supertest\lib\test.js:252:14)
    at C:\Users\43676\Desktop\5BHIF\SYP\GIT\node_modules\supertest\lib\test.js:308:13
    at Test._assertFunction (node_modules\supertest\lib\test.js:285:13)
    at Test.assert (node_modules\supertest\lib\test.js:164:23)
    at localAssert (node_modules\supertest\lib\test.js:120:14)
    at C:\Users\43676\Desktop\5BHIF\SYP\GIT\node_modules\supertest\lib\test.js:125:7
    at Request.callback (node_modules\superagent\lib\node\index.js:867:3)
    at IncomingMessage.<anonymous> (node_modules\superagent\lib\node\index.js:1070:18)
    at IncomingMessage.emit (node:events:531:35)
    at endReadableNT (node:internal/streams/readable:1698:12)
    at process.processTicksAndRejections (node:internal/process/task_queues:90:21)]]></failure>
    </testcase>
    <testcase name="Guide-Teams - PUT /PUT guide-teams - add student to guide-team it should not add a student to a non-existing team" time="0.002" classname="it should not add a student to a non-existing team">
      <failure message="expected 201 &quot;Created&quot;, got 401 &quot;Unauthorized&quot;" type="Error"><![CDATA[Error: expected 201 "Created", got 401 "Unauthorized"
    at addTeam (file:///C:/Users/43676/Desktop/5BHIF/SYP/GIT/tests/guide-teams/common.js:76:10)
    at initializeGuideTeams (file:///C:/Users/43676/Desktop/5BHIF/SYP/GIT/tests/guide-teams/common.js:117:34)
    at Context.<anonymous> (file:///C:/Users/43676/Desktop/5BHIF/SYP/GIT/tests/guide-teams/teams-put.js:539:23)
    at process.processImmediate (node:internal/timers:491:21)
----
    at Test._assertStatus (node_modules\supertest\lib\test.js:252:14)
    at C:\Users\43676\Desktop\5BHIF\SYP\GIT\node_modules\supertest\lib\test.js:308:13
    at Test._assertFunction (node_modules\supertest\lib\test.js:285:13)
    at Test.assert (node_modules\supertest\lib\test.js:164:23)
    at localAssert (node_modules\supertest\lib\test.js:120:14)
    at C:\Users\43676\Desktop\5BHIF\SYP\GIT\node_modules\supertest\lib\test.js:125:7
    at Request.callback (node_modules\superagent\lib\node\index.js:867:3)
    at IncomingMessage.<anonymous> (node_modules\superagent\lib\node\index.js:1070:18)
    at IncomingMessage.emit (node:events:531:35)
    at endReadableNT (node:internal/streams/readable:1698:12)
    at process.processTicksAndRejections (node:internal/process/task_queues:90:21)]]></failure>
    </testcase>
    <testcase name="Guide-Teams - PUT /PUT guide-teams - add student to guide-team it should not add a student with invalid id" time="0.002" classname="it should not add a student with invalid id">
      <failure message="expected 201 &quot;Created&quot;, got 401 &quot;Unauthorized&quot;" type="Error"><![CDATA[Error: expected 201 "Created", got 401 "Unauthorized"
    at addTeam (file:///C:/Users/43676/Desktop/5BHIF/SYP/GIT/tests/guide-teams/common.js:76:10)
    at initializeGuideTeams (file:///C:/Users/43676/Desktop/5BHIF/SYP/GIT/tests/guide-teams/common.js:117:34)
    at Context.<anonymous> (file:///C:/Users/43676/Desktop/5BHIF/SYP/GIT/tests/guide-teams/teams-put.js:562:23)
    at process.processImmediate (node:internal/timers:491:21)
----
    at Test._assertStatus (node_modules\supertest\lib\test.js:252:14)
    at C:\Users\43676\Desktop\5BHIF\SYP\GIT\node_modules\supertest\lib\test.js:308:13
    at Test._assertFunction (node_modules\supertest\lib\test.js:285:13)
    at Test.assert (node_modules\supertest\lib\test.js:164:23)
    at localAssert (node_modules\supertest\lib\test.js:120:14)
    at C:\Users\43676\Desktop\5BHIF\SYP\GIT\node_modules\supertest\lib\test.js:125:7
    at Request.callback (node_modules\superagent\lib\node\index.js:867:3)
    at IncomingMessage.<anonymous> (node_modules\superagent\lib\node\index.js:1070:18)
    at IncomingMessage.emit (node:events:531:35)
    at endReadableNT (node:internal/streams/readable:1698:12)
    at process.processTicksAndRejections (node:internal/process/task_queues:90:21)]]></failure>
    </testcase>
  </testsuite>
  <testsuite name="Notifications - Tests" timestamp="2025-02-19T20:38:29" tests="46" file="C:\Users\43676\Desktop\5BHIF\SYP\GIT\tests\notifications.js" time="0.544" failures="44">
    <testcase name="Notifications - Tests GET /notifications/providers - No user (401)" time="0.003" classname="GET /notifications/providers - No user (401)">
    </testcase>
    <testcase name="Notifications - Tests GET /notifications/providers - Unknown user (412)" time="0.002" classname="GET /notifications/providers - Unknown user (412)">
      <failure message="expected 412 &quot;Precondition Failed&quot;, got 401 &quot;Unauthorized&quot;" type="Error"><![CDATA[Error: expected 412 "Precondition Failed", got 401 "Unauthorized"
    at Context.<anonymous> (file:///C:/Users/43676/Desktop/5BHIF/SYP/GIT/tests/notifications.js:62:14)
    at process.processTicksAndRejections (node:internal/process/task_queues:105:5)
----
    at Test._assertStatus (node_modules\supertest\lib\test.js:252:14)
    at C:\Users\43676\Desktop\5BHIF\SYP\GIT\node_modules\supertest\lib\test.js:308:13
    at Test._assertFunction (node_modules\supertest\lib\test.js:285:13)
    at Test.assert (node_modules\supertest\lib\test.js:164:23)
    at localAssert (node_modules\supertest\lib\test.js:120:14)
    at C:\Users\43676\Desktop\5BHIF\SYP\GIT\node_modules\supertest\lib\test.js:125:7
    at Request.callback (node_modules\superagent\lib\node\index.js:867:3)
    at IncomingMessage.<anonymous> (node_modules\superagent\lib\node\index.js:1070:18)
    at IncomingMessage.emit (node:events:531:35)
    at endReadableNT (node:internal/streams/readable:1698:12)
    at process.processTicksAndRejections (node:internal/process/task_queues:90:21)]]></failure>
    </testcase>
    <testcase name="Notifications - Tests GET /notifications/providers - No providers (200)" time="0.005" classname="GET /notifications/providers - No providers (200)">
      <failure message="expected 200 &quot;OK&quot;, got 401 &quot;Unauthorized&quot;" type="Error"><![CDATA[Error: expected 200 "OK", got 401 "Unauthorized"
    at Context.<anonymous> (file:///C:/Users/43676/Desktop/5BHIF/SYP/GIT/tests/notifications.js:70:14)
    at process.processTicksAndRejections (node:internal/process/task_queues:105:5)
----
    at Test._assertStatus (node_modules\supertest\lib\test.js:252:14)
    at C:\Users\43676\Desktop\5BHIF\SYP\GIT\node_modules\supertest\lib\test.js:308:13
    at Test._assertFunction (node_modules\supertest\lib\test.js:285:13)
    at Test.assert (node_modules\supertest\lib\test.js:164:23)
    at localAssert (node_modules\supertest\lib\test.js:120:14)
    at C:\Users\43676\Desktop\5BHIF\SYP\GIT\node_modules\supertest\lib\test.js:125:7
    at Request.callback (node_modules\superagent\lib\node\index.js:867:3)
    at IncomingMessage.<anonymous> (node_modules\superagent\lib\node\index.js:1070:18)
    at IncomingMessage.emit (node:events:531:35)
    at endReadableNT (node:internal/streams/readable:1698:12)
    at process.processTicksAndRejections (node:internal/process/task_queues:90:21)]]></failure>
    </testcase>
    <testcase name="Notifications - Tests GET /notifications/providers - Email provider set (200)" time="0.004" classname="GET /notifications/providers - Email provider set (200)">
      <failure message="expected 200 &quot;OK&quot;, got 401 &quot;Unauthorized&quot;" type="Error"><![CDATA[Error: expected 200 "OK", got 401 "Unauthorized"
    at Context.<anonymous> (file:///C:/Users/43676/Desktop/5BHIF/SYP/GIT/tests/notifications.js:85:14)
    at process.processTicksAndRejections (node:internal/process/task_queues:105:5)
----
    at Test._assertStatus (node_modules\supertest\lib\test.js:252:14)
    at C:\Users\43676\Desktop\5BHIF\SYP\GIT\node_modules\supertest\lib\test.js:308:13
    at Test._assertFunction (node_modules\supertest\lib\test.js:285:13)
    at Test.assert (node_modules\supertest\lib\test.js:164:23)
    at localAssert (node_modules\supertest\lib\test.js:120:14)
    at C:\Users\43676\Desktop\5BHIF\SYP\GIT\node_modules\supertest\lib\test.js:125:7
    at Request.callback (node_modules\superagent\lib\node\index.js:867:3)
    at IncomingMessage.<anonymous> (node_modules\superagent\lib\node\index.js:1070:18)
    at IncomingMessage.emit (node:events:531:35)
    at endReadableNT (node:internal/streams/readable:1698:12)
    at process.processTicksAndRejections (node:internal/process/task_queues:90:21)]]></failure>
    </testcase>
    <testcase name="Notifications - Tests GET /notifications/providers - Discord provider set (200)" time="0.005" classname="GET /notifications/providers - Discord provider set (200)">
      <failure message="expected 200 &quot;OK&quot;, got 401 &quot;Unauthorized&quot;" type="Error"><![CDATA[Error: expected 200 "OK", got 401 "Unauthorized"
    at Context.<anonymous> (file:///C:/Users/43676/Desktop/5BHIF/SYP/GIT/tests/notifications.js:107:14)
    at process.processTicksAndRejections (node:internal/process/task_queues:105:5)
----
    at Test._assertStatus (node_modules\supertest\lib\test.js:252:14)
    at C:\Users\43676\Desktop\5BHIF\SYP\GIT\node_modules\supertest\lib\test.js:308:13
    at Test._assertFunction (node_modules\supertest\lib\test.js:285:13)
    at Test.assert (node_modules\supertest\lib\test.js:164:23)
    at localAssert (node_modules\supertest\lib\test.js:120:14)
    at C:\Users\43676\Desktop\5BHIF\SYP\GIT\node_modules\supertest\lib\test.js:125:7
    at Request.callback (node_modules\superagent\lib\node\index.js:867:3)
    at IncomingMessage.<anonymous> (node_modules\superagent\lib\node\index.js:1070:18)
    at IncomingMessage.emit (node:events:531:35)
    at endReadableNT (node:internal/streams/readable:1698:12)
    at process.processTicksAndRejections (node:internal/process/task_queues:90:21)]]></failure>
    </testcase>
    <testcase name="Notifications - Tests GET /notifications/providers - NTFY provider set (200)" time="0.004" classname="GET /notifications/providers - NTFY provider set (200)">
      <failure message="expected 200 &quot;OK&quot;, got 401 &quot;Unauthorized&quot;" type="Error"><![CDATA[Error: expected 200 "OK", got 401 "Unauthorized"
    at Context.<anonymous> (file:///C:/Users/43676/Desktop/5BHIF/SYP/GIT/tests/notifications.js:130:14)
    at process.processTicksAndRejections (node:internal/process/task_queues:105:5)
----
    at Test._assertStatus (node_modules\supertest\lib\test.js:252:14)
    at C:\Users\43676\Desktop\5BHIF\SYP\GIT\node_modules\supertest\lib\test.js:308:13
    at Test._assertFunction (node_modules\supertest\lib\test.js:285:13)
    at Test.assert (node_modules\supertest\lib\test.js:164:23)
    at localAssert (node_modules\supertest\lib\test.js:120:14)
    at C:\Users\43676\Desktop\5BHIF\SYP\GIT\node_modules\supertest\lib\test.js:125:7
    at Request.callback (node_modules\superagent\lib\node\index.js:867:3)
    at IncomingMessage.<anonymous> (node_modules\superagent\lib\node\index.js:1070:18)
    at IncomingMessage.emit (node:events:531:35)
    at endReadableNT (node:internal/streams/readable:1698:12)
    at process.processTicksAndRejections (node:internal/process/task_queues:90:21)]]></failure>
    </testcase>
    <testcase name="Notifications - Tests POST /notifications - No title (400)" time="0.004" classname="POST /notifications - No title (400)">
      <failure message="expected 400 &quot;Bad Request&quot;, got 401 &quot;Unauthorized&quot;" type="Error"><![CDATA[Error: expected 400 "Bad Request", got 401 "Unauthorized"
    at Context.<anonymous> (file:///C:/Users/43676/Desktop/5BHIF/SYP/GIT/tests/notifications.js:153:14)
    at process.processTicksAndRejections (node:internal/process/task_queues:105:5)
----
    at Test._assertStatus (node_modules\supertest\lib\test.js:252:14)
    at C:\Users\43676\Desktop\5BHIF\SYP\GIT\node_modules\supertest\lib\test.js:308:13
    at Test._assertFunction (node_modules\supertest\lib\test.js:285:13)
    at Test.assert (node_modules\supertest\lib\test.js:164:23)
    at localAssert (node_modules\supertest\lib\test.js:120:14)
    at C:\Users\43676\Desktop\5BHIF\SYP\GIT\node_modules\supertest\lib\test.js:125:7
    at Request.callback (node_modules\superagent\lib\node\index.js:867:3)
    at IncomingMessage.<anonymous> (node_modules\superagent\lib\node\index.js:1070:18)
    at IncomingMessage.emit (node:events:531:35)
    at endReadableNT (node:internal/streams/readable:1698:12)
    at process.processTicksAndRejections (node:internal/process/task_queues:90:21)]]></failure>
    </testcase>
    <testcase name="Notifications - Tests POST /notifications - No recipients (400)" time="0.004" classname="POST /notifications - No recipients (400)">
      <failure message="expected 400 &quot;Bad Request&quot;, got 401 &quot;Unauthorized&quot;" type="Error"><![CDATA[Error: expected 400 "Bad Request", got 401 "Unauthorized"
    at Context.<anonymous> (file:///C:/Users/43676/Desktop/5BHIF/SYP/GIT/tests/notifications.js:166:14)
    at process.processTicksAndRejections (node:internal/process/task_queues:105:5)
----
    at Test._assertStatus (node_modules\supertest\lib\test.js:252:14)
    at C:\Users\43676\Desktop\5BHIF\SYP\GIT\node_modules\supertest\lib\test.js:308:13
    at Test._assertFunction (node_modules\supertest\lib\test.js:285:13)
    at Test.assert (node_modules\supertest\lib\test.js:164:23)
    at localAssert (node_modules\supertest\lib\test.js:120:14)
    at C:\Users\43676\Desktop\5BHIF\SYP\GIT\node_modules\supertest\lib\test.js:125:7
    at Request.callback (node_modules\superagent\lib\node\index.js:867:3)
    at IncomingMessage.<anonymous> (node_modules\superagent\lib\node\index.js:1070:18)
    at IncomingMessage.emit (node:events:531:35)
    at endReadableNT (node:internal/streams/readable:1698:12)
    at process.processTicksAndRejections (node:internal/process/task_queues:90:21)]]></failure>
    </testcase>
    <testcase name="Notifications - Tests POST /notifications - Notification to single student (200)" time="0.004" classname="POST /notifications - Notification to single student (200)">
      <failure message="expected 200 &quot;OK&quot;, got 401 &quot;Unauthorized&quot;" type="Error"><![CDATA[Error: expected 200 "OK", got 401 "Unauthorized"
    at subscribeStudentToDiscord (file:///C:/Users/43676/Desktop/5BHIF/SYP/GIT/tests/notifications.js:46:10)
    at Context.<anonymous> (file:///C:/Users/43676/Desktop/5BHIF/SYP/GIT/tests/notifications.js:171:15)
    at process.processTicksAndRejections (node:internal/process/task_queues:105:5)
----
    at Test._assertStatus (node_modules\supertest\lib\test.js:252:14)
    at C:\Users\43676\Desktop\5BHIF\SYP\GIT\node_modules\supertest\lib\test.js:308:13
    at Test._assertFunction (node_modules\supertest\lib\test.js:285:13)
    at Test.assert (node_modules\supertest\lib\test.js:164:23)
    at localAssert (node_modules\supertest\lib\test.js:120:14)
    at C:\Users\43676\Desktop\5BHIF\SYP\GIT\node_modules\supertest\lib\test.js:125:7
    at Request.callback (node_modules\superagent\lib\node\index.js:867:3)
    at IncomingMessage.<anonymous> (node_modules\superagent\lib\node\index.js:1070:18)
    at IncomingMessage.emit (node:events:531:35)
    at endReadableNT (node:internal/streams/readable:1698:12)
    at process.processTicksAndRejections (node:internal/process/task_queues:90:21)]]></failure>
    </testcase>
    <testcase name="Notifications - Tests POST /notifications - Notification to all students (200)" time="0.003" classname="POST /notifications - Notification to all students (200)">
      <failure message="expected 200 &quot;OK&quot;, got 401 &quot;Unauthorized&quot;" type="Error"><![CDATA[Error: expected 200 "OK", got 401 "Unauthorized"
    at subscribeStudentToDiscord (file:///C:/Users/43676/Desktop/5BHIF/SYP/GIT/tests/notifications.js:46:10)
    at Context.<anonymous> (file:///C:/Users/43676/Desktop/5BHIF/SYP/GIT/tests/notifications.js:185:15)
    at process.processTicksAndRejections (node:internal/process/task_queues:105:5)
----
    at Test._assertStatus (node_modules\supertest\lib\test.js:252:14)
    at C:\Users\43676\Desktop\5BHIF\SYP\GIT\node_modules\supertest\lib\test.js:308:13
    at Test._assertFunction (node_modules\supertest\lib\test.js:285:13)
    at Test.assert (node_modules\supertest\lib\test.js:164:23)
    at localAssert (node_modules\supertest\lib\test.js:120:14)
    at C:\Users\43676\Desktop\5BHIF\SYP\GIT\node_modules\supertest\lib\test.js:125:7
    at Request.callback (node_modules\superagent\lib\node\index.js:867:3)
    at IncomingMessage.<anonymous> (node_modules\superagent\lib\node\index.js:1070:18)
    at IncomingMessage.emit (node:events:531:35)
    at endReadableNT (node:internal/streams/readable:1698:12)
    at process.processTicksAndRejections (node:internal/process/task_queues:90:21)]]></failure>
    </testcase>
    <testcase name="Notifications - Tests POST /notifications - Notification to workers and guides (200)" time="0.004" classname="POST /notifications - Notification to workers and guides (200)">
      <failure message="expected 200 &quot;OK&quot;, got 401 &quot;Unauthorized&quot;" type="Error"><![CDATA[Error: expected 200 "OK", got 401 "Unauthorized"
    at subscribeStudentToDiscord (file:///C:/Users/43676/Desktop/5BHIF/SYP/GIT/tests/notifications.js:46:10)
    at Context.<anonymous> (file:///C:/Users/43676/Desktop/5BHIF/SYP/GIT/tests/notifications.js:201:15)
    at process.processTicksAndRejections (node:internal/process/task_queues:105:5)
----
    at Test._assertStatus (node_modules\supertest\lib\test.js:252:14)
    at C:\Users\43676\Desktop\5BHIF\SYP\GIT\node_modules\supertest\lib\test.js:308:13
    at Test._assertFunction (node_modules\supertest\lib\test.js:285:13)
    at Test.assert (node_modules\supertest\lib\test.js:164:23)
    at localAssert (node_modules\supertest\lib\test.js:120:14)
    at C:\Users\43676\Desktop\5BHIF\SYP\GIT\node_modules\supertest\lib\test.js:125:7
    at Request.callback (node_modules\superagent\lib\node\index.js:867:3)
    at IncomingMessage.<anonymous> (node_modules\superagent\lib\node\index.js:1070:18)
    at IncomingMessage.emit (node:events:531:35)
    at endReadableNT (node:internal/streams/readable:1698:12)
    at process.processTicksAndRejections (node:internal/process/task_queues:90:21)]]></failure>
    </testcase>
    <testcase name="Notifications - Tests POST /notifications - Notification to guideTeamLeads" time="0.004" classname="POST /notifications - Notification to guideTeamLeads">
      <failure message="expected 200 &quot;OK&quot;, got 401 &quot;Unauthorized&quot;" type="Error"><![CDATA[Error: expected 200 "OK", got 401 "Unauthorized"
    at subscribeStudentToDiscord (file:///C:/Users/43676/Desktop/5BHIF/SYP/GIT/tests/notifications.js:46:10)
    at Context.<anonymous> (file:///C:/Users/43676/Desktop/5BHIF/SYP/GIT/tests/notifications.js:220:15)
    at process.processTicksAndRejections (node:internal/process/task_queues:105:5)
----
    at Test._assertStatus (node_modules\supertest\lib\test.js:252:14)
    at C:\Users\43676\Desktop\5BHIF\SYP\GIT\node_modules\supertest\lib\test.js:308:13
    at Test._assertFunction (node_modules\supertest\lib\test.js:285:13)
    at Test.assert (node_modules\supertest\lib\test.js:164:23)
    at localAssert (node_modules\supertest\lib\test.js:120:14)
    at C:\Users\43676\Desktop\5BHIF\SYP\GIT\node_modules\supertest\lib\test.js:125:7
    at Request.callback (node_modules\superagent\lib\node\index.js:867:3)
    at IncomingMessage.<anonymous> (node_modules\superagent\lib\node\index.js:1070:18)
    at IncomingMessage.emit (node:events:531:35)
    at endReadableNT (node:internal/streams/readable:1698:12)
    at process.processTicksAndRejections (node:internal/process/task_queues:90:21)]]></failure>
    </testcase>
    <testcase name="Notifications - Tests POST /notifications - Notification to guideTeamLeads . no teamleads" time="0.004" classname="POST /notifications - Notification to guideTeamLeads . no teamleads">
      <failure message="expected 200 &quot;OK&quot;, got 401 &quot;Unauthorized&quot;" type="Error"><![CDATA[Error: expected 200 "OK", got 401 "Unauthorized"
    at subscribeStudentToDiscord (file:///C:/Users/43676/Desktop/5BHIF/SYP/GIT/tests/notifications.js:46:10)
    at Context.<anonymous> (file:///C:/Users/43676/Desktop/5BHIF/SYP/GIT/tests/notifications.js:238:15)
    at process.processTicksAndRejections (node:internal/process/task_queues:105:5)
----
    at Test._assertStatus (node_modules\supertest\lib\test.js:252:14)
    at C:\Users\43676\Desktop\5BHIF\SYP\GIT\node_modules\supertest\lib\test.js:308:13
    at Test._assertFunction (node_modules\supertest\lib\test.js:285:13)
    at Test.assert (node_modules\supertest\lib\test.js:164:23)
    at localAssert (node_modules\supertest\lib\test.js:120:14)
    at C:\Users\43676\Desktop\5BHIF\SYP\GIT\node_modules\supertest\lib\test.js:125:7
    at Request.callback (node_modules\superagent\lib\node\index.js:867:3)
    at IncomingMessage.<anonymous> (node_modules\superagent\lib\node\index.js:1070:18)
    at IncomingMessage.emit (node:events:531:35)
    at endReadableNT (node:internal/streams/readable:1698:12)
    at process.processTicksAndRejections (node:internal/process/task_queues:90:21)]]></failure>
    </testcase>
[...]
----
    at Test._assertStatus (node_modules\supertest\lib\test.js:252:14)
    at C:\Users\43676\Desktop\5BHIF\SYP\GIT\node_modules\supertest\lib\test.js:308:13
    at Test._assertFunction (node_modules\supertest\lib\test.js:285:13)
    at Test.assert (node_modules\supertest\lib\test.js:164:23)
    at localAssert (node_modules\supertest\lib\test.js:120:14)
    at C:\Users\43676\Desktop\5BHIF\SYP\GIT\node_modules\supertest\lib\test.js:125:7
    at Request.callback (node_modules\superagent\lib\node\index.js:867:3)
    at IncomingMessage.<anonymous> (node_modules\superagent\lib\node\index.js:1070:18)
    at IncomingMessage.emit (node:events:531:35)
    at endReadableNT (node:internal/streams/readable:1698:12)
    at process.processTicksAndRejections (node:internal/process/task_queues:90:21)]]></failure>
    </testcase>
    <testcase name="Students - Other Tests PATCH /students/:id - Invalid id" time="0.002" classname="PATCH /students/:id - Invalid id">
      <failure message="expected 400 &quot;Bad Request&quot;, got 401 &quot;Unauthorized&quot;" type="Error"><![CDATA[Error: expected 400 "Bad Request", got 401 "Unauthorized"
    at Context.<anonymous> (file:///C:/Users/43676/Desktop/5BHIF/SYP/GIT/tests/students/students.js:566:14)
    at process.processTicksAndRejections (node:internal/process/task_queues:105:5)
----
    at Test._assertStatus (node_modules\supertest\lib\test.js:252:14)
    at C:\Users\43676\Desktop\5BHIF\SYP\GIT\node_modules\supertest\lib\test.js:308:13
    at Test._assertFunction (node_modules\supertest\lib\test.js:285:13)
    at Test.assert (node_modules\supertest\lib\test.js:164:23)
    at localAssert (node_modules\supertest\lib\test.js:120:14)
    at C:\Users\43676\Desktop\5BHIF\SYP\GIT\node_modules\supertest\lib\test.js:125:7
    at Request.callback (node_modules\superagent\lib\node\index.js:867:3)
    at IncomingMessage.<anonymous> (node_modules\superagent\lib\node\index.js:1070:18)
    at IncomingMessage.emit (node:events:531:35)
    at endReadableNT (node:internal/streams/readable:1698:12)
    at process.processTicksAndRejections (node:internal/process/task_queues:90:21)]]></failure>
    </testcase>
    <testcase name="Students - Other Tests PATCH /students/:id - With null" time="0.002" classname="PATCH /students/:id - With null">
      <failure message="expected 201 &quot;Created&quot;, got 401 &quot;Unauthorized&quot;" type="Error"><![CDATA[Error: expected 201 "Created", got 401 "Unauthorized"
    at Context.<anonymous> (file:///C:/Users/43676/Desktop/5BHIF/SYP/GIT/tests/students/students.js:573:14)
    at process.processTicksAndRejections (node:internal/process/task_queues:105:5)
----
    at Test._assertStatus (node_modules\supertest\lib\test.js:252:14)
    at C:\Users\43676\Desktop\5BHIF\SYP\GIT\node_modules\supertest\lib\test.js:308:13
    at Test._assertFunction (node_modules\supertest\lib\test.js:285:13)
    at Test.assert (node_modules\supertest\lib\test.js:164:23)
    at localAssert (node_modules\supertest\lib\test.js:120:14)
    at C:\Users\43676\Desktop\5BHIF\SYP\GIT\node_modules\supertest\lib\test.js:125:7
    at Request.callback (node_modules\superagent\lib\node\index.js:867:3)
    at IncomingMessage.<anonymous> (node_modules\superagent\lib\node\index.js:1070:18)
    at IncomingMessage.emit (node:events:531:35)
    at endReadableNT (node:internal/streams/readable:1698:12)
    at process.processTicksAndRejections (node:internal/process/task_queues:90:21)]]></failure>
    </testcase>
    <testcase name="Students - Other Tests GET /students/:shortform/teamMembers - OK" time="0.002" classname="GET /students/:shortform/teamMembers - OK">
      <failure message="expected 201 &quot;Created&quot;, got 401 &quot;Unauthorized&quot;" type="Error"><![CDATA[Error: expected 201 "Created", got 401 "Unauthorized"
    at Context.<anonymous> (file:///C:/Users/43676/Desktop/5BHIF/SYP/GIT/tests/students/students.js:591:14)
    at process.processTicksAndRejections (node:internal/process/task_queues:105:5)
----
    at Test._assertStatus (node_modules\supertest\lib\test.js:252:14)
    at C:\Users\43676\Desktop\5BHIF\SYP\GIT\node_modules\supertest\lib\test.js:308:13
    at Test._assertFunction (node_modules\supertest\lib\test.js:285:13)
    at Test.assert (node_modules\supertest\lib\test.js:164:23)
    at localAssert (node_modules\supertest\lib\test.js:120:14)
    at C:\Users\43676\Desktop\5BHIF\SYP\GIT\node_modules\supertest\lib\test.js:125:7
    at Request.callback (node_modules\superagent\lib\node\index.js:867:3)
    at IncomingMessage.<anonymous> (node_modules\superagent\lib\node\index.js:1070:18)
    at IncomingMessage.emit (node:events:531:35)
    at endReadableNT (node:internal/streams/readable:1698:12)
    at process.processTicksAndRejections (node:internal/process/task_queues:90:21)]]></failure>
    </testcase>
    <testcase name="Students - Other Tests GET /students/:shortform/teamMembers - Not found" time="0.002" classname="GET /students/:shortform/teamMembers - Not found">
      <failure message="expected 201 &quot;Created&quot;, got 401 &quot;Unauthorized&quot;" type="Error"><![CDATA[Error: expected 201 "Created", got 401 "Unauthorized"
    at Context.<anonymous> (file:///C:/Users/43676/Desktop/5BHIF/SYP/GIT/tests/students/students.js:628:14)
    at process.processTicksAndRejections (node:internal/process/task_queues:105:5)
----
    at Test._assertStatus (node_modules\supertest\lib\test.js:252:14)
    at C:\Users\43676\Desktop\5BHIF\SYP\GIT\node_modules\supertest\lib\test.js:308:13
    at Test._assertFunction (node_modules\supertest\lib\test.js:285:13)
    at Test.assert (node_modules\supertest\lib\test.js:164:23)
    at localAssert (node_modules\supertest\lib\test.js:120:14)
    at C:\Users\43676\Desktop\5BHIF\SYP\GIT\node_modules\supertest\lib\test.js:125:7
    at Request.callback (node_modules\superagent\lib\node\index.js:867:3)
    at IncomingMessage.<anonymous> (node_modules\superagent\lib\node\index.js:1070:18)
    at IncomingMessage.emit (node:events:531:35)
    at endReadableNT (node:internal/streams/readable:1698:12)
    at process.processTicksAndRejections (node:internal/process/task_queues:90:21)]]></failure>
    </testcase>
  </testsuite>
  <testsuite name="Visitors - Tests" timestamp="2025-02-19T20:38:51" tests="13" file="C:\Users\43676\Desktop\5BHIF\SYP\GIT\tests\visitors.js" time="0.221" failures="10">
    <testcase name="Visitors - Tests GET /api/visitors - No visitors" time="0.002" classname="GET /api/visitors - No visitors">
      <failure message="expected 200 &quot;OK&quot;, got 401 &quot;Unauthorized&quot;" type="Error"><![CDATA[Error: expected 200 "OK", got 401 "Unauthorized"
    at Context.<anonymous> (file:///C:/Users/43676/Desktop/5BHIF/SYP/GIT/tests/visitors.js:28:52)
    at process.processTicksAndRejections (node:internal/process/task_queues:105:5)
----
    at Test._assertStatus (node_modules\supertest\lib\test.js:252:14)
    at C:\Users\43676\Desktop\5BHIF\SYP\GIT\node_modules\supertest\lib\test.js:308:13
    at Test._assertFunction (node_modules\supertest\lib\test.js:285:13)
    at Test.assert (node_modules\supertest\lib\test.js:164:23)
    at localAssert (node_modules\supertest\lib\test.js:120:14)
    at C:\Users\43676\Desktop\5BHIF\SYP\GIT\node_modules\supertest\lib\test.js:125:7
    at Request.callback (node_modules\superagent\lib\node\index.js:867:3)
    at IncomingMessage.<anonymous> (node_modules\superagent\lib\node\index.js:1070:18)
    at IncomingMessage.emit (node:events:531:35)
    at endReadableNT (node:internal/streams/readable:1698:12)
    at process.processTicksAndRejections (node:internal/process/task_queues:90:21)]]></failure>
    </testcase>
    <testcase name="Visitors - Tests GET /api/visitors/:id - Visitor not found" time="0.003" classname="GET /api/visitors/:id - Visitor not found">
    </testcase>
    <testcase name="Visitors - Tests GET /api/visitors/:id - Invalid id" time="0.003" classname="GET /api/visitors/:id - Invalid id">
    </testcase>
    <testcase name="Visitors - Tests GET /api/visitors/:id - OK" time="0.025" classname="GET /api/visitors/:id - OK">
    </testcase>
    <testcase name="Visitors - Tests GET /api/visitors - One visitor" time="0.019" classname="GET /api/visitors - One visitor">
      <failure message="expected 200 &quot;OK&quot;, got 401 &quot;Unauthorized&quot;" type="Error"><![CDATA[Error: expected 200 "OK", got 401 "Unauthorized"
    at Context.<anonymous> (file:///C:/Users/43676/Desktop/5BHIF/SYP/GIT/tests/visitors.js:55:14)
    at process.processTicksAndRejections (node:internal/process/task_queues:105:5)
----
    at Test._assertStatus (node_modules\supertest\lib\test.js:252:14)
    at C:\Users\43676\Desktop\5BHIF\SYP\GIT\node_modules\supertest\lib\test.js:308:13
    at Test._assertFunction (node_modules\supertest\lib\test.js:285:13)
    at Test.assert (node_modules\supertest\lib\test.js:164:23)
    at localAssert (node_modules\supertest\lib\test.js:120:14)
    at C:\Users\43676\Desktop\5BHIF\SYP\GIT\node_modules\supertest\lib\test.js:125:7
    at Request.callback (node_modules\superagent\lib\node\index.js:867:3)
    at IncomingMessage.<anonymous> (node_modules\superagent\lib\node\index.js:1070:18)
    at IncomingMessage.emit (node:events:531:35)
    at endReadableNT (node:internal/streams/readable:1698:12)
    at process.processTicksAndRejections (node:internal/process/task_queues:90:21)]]></failure>
    </testcase>
    <testcase name="Visitors - Tests POST /api/visitors - OK" time="0.013" classname="POST /api/visitors - OK">
      <failure message="expected 201 &quot;Created&quot;, got 401 &quot;Unauthorized&quot;" type="Error"><![CDATA[Error: expected 201 "Created", got 401 "Unauthorized"
    at Context.<anonymous> (file:///C:/Users/43676/Desktop/5BHIF/SYP/GIT/tests/visitors.js:74:14)
    at process.processTicksAndRejections (node:internal/process/task_queues:105:5)
----
    at Test._assertStatus (node_modules\supertest\lib\test.js:252:14)
    at C:\Users\43676\Desktop\5BHIF\SYP\GIT\node_modules\supertest\lib\test.js:308:13
    at Test._assertFunction (node_modules\supertest\lib\test.js:285:13)
    at Test.assert (node_modules\supertest\lib\test.js:164:23)
    at localAssert (node_modules\supertest\lib\test.js:120:14)
    at C:\Users\43676\Desktop\5BHIF\SYP\GIT\node_modules\supertest\lib\test.js:125:7
    at Request.callback (node_modules\superagent\lib\node\index.js:867:3)
    at IncomingMessage.<anonymous> (node_modules\superagent\lib\node\index.js:1070:18)
    at IncomingMessage.emit (node:events:531:35)
    at endReadableNT (node:internal/streams/readable:1698:12)
    at process.processTicksAndRejections (node:internal/process/task_queues:90:21)]]></failure>
    </testcase>
    <testcase name="Visitors - Tests POST /api/visitors/:id - Invalid" time="0.003" classname="POST /api/visitors/:id - Invalid">
      <failure message="expected 400 &quot;Bad Request&quot;, got 401 &quot;Unauthorized&quot;" type="Error"><![CDATA[Error: expected 400 "Bad Request", got 401 "Unauthorized"
    at Context.<anonymous> (file:///C:/Users/43676/Desktop/5BHIF/SYP/GIT/tests/visitors.js:89:14)
    at process.processTicksAndRejections (node:internal/process/task_queues:105:5)
----
    at Test._assertStatus (node_modules\supertest\lib\test.js:252:14)
    at C:\Users\43676\Desktop\5BHIF\SYP\GIT\node_modules\supertest\lib\test.js:308:13
    at Test._assertFunction (node_modules\supertest\lib\test.js:285:13)
    at Test.assert (node_modules\supertest\lib\test.js:164:23)
    at localAssert (node_modules\supertest\lib\test.js:120:14)
    at C:\Users\43676\Desktop\5BHIF\SYP\GIT\node_modules\supertest\lib\test.js:125:7
    at Request.callback (node_modules\superagent\lib\node\index.js:867:3)
    at IncomingMessage.<anonymous> (node_modules\superagent\lib\node\index.js:1070:18)
    at IncomingMessage.emit (node:events:531:35)
    at endReadableNT (node:internal/streams/readable:1698:12)
    at process.processTicksAndRejections (node:internal/process/task_queues:90:21)]]></failure>
    </testcase>
    <testcase name="Visitors - Tests PUT /api/visitors/:id - Visitor not found" time="0.003" classname="PUT /api/visitors/:id - Visitor not found">
      <failure message="expected 404 &quot;Not Found&quot;, got 401 &quot;Unauthorized&quot;" type="Error"><![CDATA[Error: expected 404 "Not Found", got 401 "Unauthorized"
    at Context.<anonymous> (file:///C:/Users/43676/Desktop/5BHIF/SYP/GIT/tests/visitors.js:99:14)
    at process.processTicksAndRejections (node:internal/process/task_queues:105:5)
----
    at Test._assertStatus (node_modules\supertest\lib\test.js:252:14)
    at C:\Users\43676\Desktop\5BHIF\SYP\GIT\node_modules\supertest\lib\test.js:308:13
    at Test._assertFunction (node_modules\supertest\lib\test.js:285:13)
    at Test.assert (node_modules\supertest\lib\test.js:164:23)
    at localAssert (node_modules\supertest\lib\test.js:120:14)
    at C:\Users\43676\Desktop\5BHIF\SYP\GIT\node_modules\supertest\lib\test.js:125:7
    at Request.callback (node_modules\superagent\lib\node\index.js:867:3)
    at IncomingMessage.<anonymous> (node_modules\superagent\lib\node\index.js:1070:18)
    at IncomingMessage.emit (node:events:531:35)
    at endReadableNT (node:internal/streams/readable:1698:12)
    at process.processTicksAndRejections (node:internal/process/task_queues:90:21)]]></failure>
    </testcase>
    <testcase name="Visitors - Tests PUT /api/visitors/:id - Invalid id" time="0.002" classname="PUT /api/visitors/:id - Invalid id">
      <failure message="expected 400 &quot;Bad Request&quot;, got 401 &quot;Unauthorized&quot;" type="Error"><![CDATA[Error: expected 400 "Bad Request", got 401 "Unauthorized"
    at Context.<anonymous> (file:///C:/Users/43676/Desktop/5BHIF/SYP/GIT/tests/visitors.js:109:14)
    at process.processTicksAndRejections (node:internal/process/task_queues:105:5)
----
    at Test._assertStatus (node_modules\supertest\lib\test.js:252:14)
    at C:\Users\43676\Desktop\5BHIF\SYP\GIT\node_modules\supertest\lib\test.js:308:13
    at Test._assertFunction (node_modules\supertest\lib\test.js:285:13)
    at Test.assert (node_modules\supertest\lib\test.js:164:23)
    at localAssert (node_modules\supertest\lib\test.js:120:14)
    at C:\Users\43676\Desktop\5BHIF\SYP\GIT\node_modules\supertest\lib\test.js:125:7
    at Request.callback (node_modules\superagent\lib\node\index.js:867:3)
    at IncomingMessage.<anonymous> (node_modules\superagent\lib\node\index.js:1070:18)
    at IncomingMessage.emit (node:events:531:35)
    at endReadableNT (node:internal/streams/readable:1698:12)
    at process.processTicksAndRejections (node:internal/process/task_queues:90:21)]]></failure>
    </testcase>
    <testcase name="Visitors - Tests PUT /api/visitors/:id - OK" time="0.021" classname="PUT /api/visitors/:id - OK">
      <failure message="expected 204 &quot;No Content&quot;, got 401 &quot;Unauthorized&quot;" type="Error"><![CDATA[Error: expected 204 "No Content", got 401 "Unauthorized"
    at Context.<anonymous> (file:///C:/Users/43676/Desktop/5BHIF/SYP/GIT/tests/visitors.js:121:14)
    at process.processTicksAndRejections (node:internal/process/task_queues:105:5)
----
    at Test._assertStatus (node_modules\supertest\lib\test.js:252:14)
    at C:\Users\43676\Desktop\5BHIF\SYP\GIT\node_modules\supertest\lib\test.js:308:13
    at Test._assertFunction (node_modules\supertest\lib\test.js:285:13)
    at Test.assert (node_modules\supertest\lib\test.js:164:23)
    at localAssert (node_modules\supertest\lib\test.js:120:14)
    at C:\Users\43676\Desktop\5BHIF\SYP\GIT\node_modules\supertest\lib\test.js:125:7
    at Request.callback (node_modules\superagent\lib\node\index.js:867:3)
    at IncomingMessage.<anonymous> (node_modules\superagent\lib\node\index.js:1070:18)
    at IncomingMessage.emit (node:events:531:35)
    at endReadableNT (node:internal/streams/readable:1698:12)
    at process.processTicksAndRejections (node:internal/process/task_queues:90:21)]]></failure>
    </testcase>
    <testcase name="Visitors - Tests DELETE /api/visitors/:id - Visitor not found" time="0.004" classname="DELETE /api/visitors/:id - Visitor not found">
      <failure message="expected 404 &quot;Not Found&quot;, got 401 &quot;Unauthorized&quot;" type="Error"><![CDATA[Error: expected 404 "Not Found", got 401 "Unauthorized"
    at Context.<anonymous> (file:///C:/Users/43676/Desktop/5BHIF/SYP/GIT/tests/visitors.js:130:14)
    at process.processTicksAndRejections (node:internal/process/task_queues:105:5)
----
    at Test._assertStatus (node_modules\supertest\lib\test.js:252:14)
    at C:\Users\43676\Desktop\5BHIF\SYP\GIT\node_modules\supertest\lib\test.js:308:13
    at Test._assertFunction (node_modules\supertest\lib\test.js:285:13)
    at Test.assert (node_modules\supertest\lib\test.js:164:23)
    at localAssert (node_modules\supertest\lib\test.js:120:14)
    at C:\Users\43676\Desktop\5BHIF\SYP\GIT\node_modules\supertest\lib\test.js:125:7
    at Request.callback (node_modules\superagent\lib\node\index.js:867:3)
    at IncomingMessage.<anonymous> (node_modules\superagent\lib\node\index.js:1070:18)
    at IncomingMessage.emit (node:events:531:35)
    at endReadableNT (node:internal/streams/readable:1698:12)
    at process.processTicksAndRejections (node:internal/process/task_queues:90:21)]]></failure>
    </testcase>
    <testcase name="Visitors - Tests DELETE /api/visitors/:id - Invalid id" time="0.003" classname="DELETE /api/visitors/:id - Invalid id">
      <failure message="expected 400 &quot;Bad Request&quot;, got 401 &quot;Unauthorized&quot;" type="Error"><![CDATA[Error: expected 400 "Bad Request", got 401 "Unauthorized"
    at Context.<anonymous> (file:///C:/Users/43676/Desktop/5BHIF/SYP/GIT/tests/visitors.js:134:66)
    at process.processTicksAndRejections (node:internal/process/task_queues:105:5)
----
    at Test._assertStatus (node_modules\supertest\lib\test.js:252:14)
    at C:\Users\43676\Desktop\5BHIF\SYP\GIT\node_modules\supertest\lib\test.js:308:13
    at Test._assertFunction (node_modules\supertest\lib\test.js:285:13)
    at Test.assert (node_modules\supertest\lib\test.js:164:23)
    at localAssert (node_modules\supertest\lib\test.js:120:14)
    at C:\Users\43676\Desktop\5BHIF\SYP\GIT\node_modules\supertest\lib\test.js:125:7
    at Request.callback (node_modules\superagent\lib\node\index.js:867:3)
    at IncomingMessage.<anonymous> (node_modules\superagent\lib\node\index.js:1070:18)
    at IncomingMessage.emit (node:events:531:35)
    at endReadableNT (node:internal/streams/readable:1698:12)
    at process.processTicksAndRejections (node:internal/process/task_queues:90:21)]]></failure>
    </testcase>
    <testcase name="Visitors - Tests DELETE /api/visitors/:id - OK" time="0.028" classname="DELETE /api/visitors/:id - OK">
      <failure message="expected 204 &quot;No Content&quot;, got 401 &quot;Unauthorized&quot;" type="Error"><![CDATA[Error: expected 204 "No Content", got 401 "Unauthorized"
    at Context.<anonymous> (file:///C:/Users/43676/Desktop/5BHIF/SYP/GIT/tests/visitors.js:142:14)
    at process.processTicksAndRejections (node:internal/process/task_queues:105:5)
----
    at Test._assertStatus (node_modules\supertest\lib\test.js:252:14)
    at C:\Users\43676\Desktop\5BHIF\SYP\GIT\node_modules\supertest\lib\test.js:308:13
    at Test._assertFunction (node_modules\supertest\lib\test.js:285:13)
    at Test.assert (node_modules\supertest\lib\test.js:164:23)
    at localAssert (node_modules\supertest\lib\test.js:120:14)
    at C:\Users\43676\Desktop\5BHIF\SYP\GIT\node_modules\supertest\lib\test.js:125:7
    at Request.callback (node_modules\superagent\lib\node\index.js:867:3)
    at IncomingMessage.<anonymous> (node_modules\superagent\lib\node\index.js:1070:18)
    at IncomingMessage.emit (node:events:531:35)
    at endReadableNT (node:internal/streams/readable:1698:12)
    at process.processTicksAndRejections (node:internal/process/task_queues:90:21)]]></failure>
    </testcase>
  </testsuite>
</testsuites>